<?xml version="1.0" encoding="UTF-8"?>
<testsuite xmlns:xsi="http://www.w3.org/2001/XMLSchema-instance" xsi:noNamespaceSchemaLocation="https://maven.apache.org/surefire/maven-surefire-plugin/xsd/surefire-test-report-3.0.xsd" version="3.0" name="com.netflix.mercado.repository.RoleRepositoryTest" time="8.53" tests="4" errors="4" skipped="0" failures="0">
  <properties>
[...]
</properties>
  <testcase name="testCountRoles" classname="com.netflix.mercado.repository.RoleRepositoryTest" time="0.002">
    <error message="Failed to load ApplicationContext for [MergedContextConfiguration@995bc09 testClass = com.netflix.mercado.repository.RoleRepositoryTest, locations = [], classes = [com.netflix.mercado.ProjetoMercadoNetflixApplication], contextInitializerClasses = [], activeProfiles = [&quot;test&quot;], propertySourceDescriptors = [], propertySourceProperties = [&quot;org.springframework.boot.test.autoconfigure.orm.jpa.DataJpaTestContextBootstrapper=true&quot;], contextCustomizers = [[ImportsContextCustomizer@345db32b key = [org.springframework.boot.autoconfigure.transaction.TransactionAutoConfiguration, org.springframework.boot.autoconfigure.data.jpa.JpaRepositoriesAutoConfiguration, org.springframework.boot.test.autoconfigure.orm.jpa.TestEntityManagerAutoConfiguration, org.springframework.boot.autoconfigure.cache.CacheAutoConfiguration, org.springframework.boot.autoconfigure.orm.jpa.HibernateJpaAutoConfiguration, org.springframework.boot.autoconfigure.sql.init.SqlInitializationAutoConfiguration, org.springframework.boot.test.autoconfigure.jdbc.TestDatabaseAutoConfiguration, org.springframework.boot.autoconfigure.flyway.FlywayAutoConfiguration, org.springframework.boot.autoconfigure.jdbc.DataSourceTransactionManagerAutoConfiguration, org.springframework.boot.autoconfigure.liquibase.LiquibaseAutoConfiguration, org.springframework.boot.autoconfigure.jdbc.JdbcClientAutoConfiguration, org.springframework.boot.autoconfigure.jdbc.DataSourceAutoConfiguration, org.springframework.boot.autoconfigure.jdbc.JdbcTemplateAutoConfiguration]], org.springframework.boot.test.context.filter.ExcludeFilterContextCustomizer@20171cdc, org.springframework.boot.test.json.DuplicateJsonObjectContextCustomizerFactory$DuplicateJsonObjectContextCustomizer@2a0c244e, org.springframework.boot.test.mock.mockito.MockitoContextCustomizer@0, org.springframework.boot.test.autoconfigure.OverrideAutoConfigurationContextCustomizerFactory$DisableAutoConfigurationContextCustomizer@1d87e100, org.springframework.boot.test.autoconfigure.actuate.observability.ObservabilityContextCustomizerFactory$DisableObservabilityContextCustomizer@1f, org.springframework.boot.test.autoconfigure.filter.TypeExcludeFiltersContextCustomizer@34be3d80, org.springframework.boot.test.autoconfigure.properties.PropertyMappingContextCustomizer@73ad5475, org.springframework.boot.test.autoconfigure.web.servlet.WebDriverContextCustomizer@3c116f26, org.springframework.boot.test.context.SpringBootTestAnnotation@2f8a7c17], contextLoader = org.springframework.boot.test.context.SpringBootContextLoader, parent = null]" type="java.lang.IllegalStateException"><![CDATA[java.lang.IllegalStateException: Failed to load ApplicationContext for [MergedContextConfiguration@995bc09 testClass = com.netflix.mercado.repository.RoleRepositoryTest, locations = [], classes = [com.netflix.mercado.ProjetoMercadoNetflixApplication], contextInitializerClasses = [], activeProfiles = ["test"], propertySourceDescriptors = [], propertySourceProperties = ["org.springframework.boot.test.autoconfigure.orm.jpa.DataJpaTestContextBootstrapper=true"], contextCustomizers = [[ImportsContextCustomizer@345db32b key = [org.springframework.boot.autoconfigure.transaction.TransactionAutoConfiguration, org.springframework.boot.autoconfigure.data.jpa.JpaRepositoriesAutoConfiguration, org.springframework.boot.test.autoconfigure.orm.jpa.TestEntityManagerAutoConfiguration, org.springframework.boot.autoconfigure.cache.CacheAutoConfiguration, org.springframework.boot.autoconfigure.orm.jpa.HibernateJpaAutoConfiguration, org.springframework.boot.autoconfigure.sql.init.SqlInitializationAutoConfiguration, org.springframework.boot.test.autoconfigure.jdbc.TestDatabaseAutoConfiguration, org.springframework.boot.autoconfigure.flyway.FlywayAutoConfiguration, org.springframework.boot.autoconfigure.jdbc.DataSourceTransactionManagerAutoConfiguration, org.springframework.boot.autoconfigure.liquibase.LiquibaseAutoConfiguration, org.springframework.boot.autoconfigure.jdbc.JdbcClientAutoConfiguration, org.springframework.boot.autoconfigure.jdbc.DataSourceAutoConfiguration, org.springframework.boot.autoconfigure.jdbc.JdbcTemplateAutoConfiguration]], org.springframework.boot.test.context.filter.ExcludeFilterContextCustomizer@20171cdc, org.springframework.boot.test.json.DuplicateJsonObjectContextCustomizerFactory$DuplicateJsonObjectContextCustomizer@2a0c244e, org.springframework.boot.test.mock.mockito.MockitoContextCustomizer@0, org.springframework.boot.test.autoconfigure.OverrideAutoConfigurationContextCustomizerFactory$DisableAutoConfigurationContextCustomizer@1d87e100, org.springframework.boot.test.autoconfigure.actuate.observability.ObservabilityContextCustomizerFactory$DisableObservabilityContextCustomizer@1f, org.springframework.boot.test.autoconfigure.filter.TypeExcludeFiltersContextCustomizer@34be3d80, org.springframework.boot.test.autoconfigure.properties.PropertyMappingContextCustomizer@73ad5475, org.springframework.boot.test.autoconfigure.web.servlet.WebDriverContextCustomizer@3c116f26, org.springframework.boot.test.context.SpringBootTestAnnotation@2f8a7c17], contextLoader = org.springframework.boot.test.context.SpringBootContextLoader, parent = null]
	at org.springframework.test.context.cache.DefaultCacheAwareContextLoaderDelegate.loadContext(DefaultCacheAwareContextLoaderDelegate.java:180)
	at org.springframework.test.context.support.DefaultTestContext.getApplicationContext(DefaultTestContext.java:130)
	at org.springframework.test.context.support.DependencyInjectionTestExecutionListener.injectDependencies(DependencyInjectionTestExecutionListener.java:141)
	at org.springframework.test.context.support.DependencyInjectionTestExecutionListener.prepareTestInstance(DependencyInjectionTestExecutionListener.java:97)
	at org.springframework.test.context.TestContextManager.prepareTestInstance(TestContextManager.java:247)
	at org.springframework.test.context.junit.jupiter.SpringExtension.postProcessTestInstance(SpringExtension.java:163)
	at java.base/java.util.stream.ReferencePipeline$3$1.accept(ReferencePipeline.java:197)
	at java.base/java.util.stream.ReferencePipeline$2$1.accept(ReferencePipeline.java:179)
	at java.base/java.util.ArrayList$ArrayListSpliterator.forEachRemaining(ArrayList.java:1625)
	at java.base/java.util.stream.AbstractPipeline.copyInto(AbstractPipeline.java:509)
	at java.base/java.util.stream.AbstractPipeline.wrapAndCopyInto(AbstractPipeline.java:499)
	at java.base/java.util.stream.StreamSpliterators$WrappingSpliterator.forEachRemaining(StreamSpliterators.java:310)
	at java.base/java.util.stream.Streams$ConcatSpliterator.forEachRemaining(Streams.java:735)
	at java.base/java.util.stream.Streams$ConcatSpliterator.forEachRemaining(Streams.java:734)
	at java.base/java.util.stream.ReferencePipeline$Head.forEach(ReferencePipeline.java:762)
	at java.base/java.util.Optional.orElseGet(Optional.java:364)
	at java.base/java.util.ArrayList.forEach(ArrayList.java:1511)
	at java.base/java.util.ArrayList.forEach(ArrayList.java:1511)
Caused by: org.springframework.beans.factory.UnsatisfiedDependencyException: Error creating bean with name 'avaliacaoController' defined in file [/workspaces/ProjetoMercadoNetflix-Docs/target/classes/com/netflix/mercado/controller/AvaliacaoController.class]: Unsatisfied dependency expressed through constructor parameter 0: Error creating bean with name 'avaliacaoService': Unsatisfied dependency expressed through field 'mercadoService': Error creating bean with name 'mercadoService': Unsatisfied dependency expressed through field 'notificacaoService': Error creating bean with name 'notificacaoService' defined in file [/workspaces/ProjetoMercadoNetflix-Docs/target/classes/com/netflix/mercado/service/NotificacaoService.class]: Could not create recurring task for @Scheduled method 'limparNotificacoesAntigas': Only no-arg methods may be annotated with @Scheduled
	at org.springframework.beans.factory.support.ConstructorResolver.createArgumentArray(ConstructorResolver.java:802)
	at org.springframework.beans.factory.support.ConstructorResolver.autowireConstructor(ConstructorResolver.java:241)
	at org.springframework.beans.factory.support.AbstractAutowireCapableBeanFactory.autowireConstructor(AbstractAutowireCapableBeanFactory.java:1356)
	at org.springframework.beans.factory.support.AbstractAutowireCapableBeanFactory.createBeanInstance(AbstractAutowireCapableBeanFactory.java:1193)
	at org.springframework.beans.factory.support.AbstractAutowireCapableBeanFactory.doCreateBean(AbstractAutowireCapableBeanFactory.java:563)
	at org.springframework.beans.factory.support.AbstractAutowireCapableBeanFactory.createBean(AbstractAutowireCapableBeanFactory.java:523)
	at org.springframework.beans.factory.support.AbstractBeanFactory.lambda$doGetBean$0(AbstractBeanFactory.java:325)
	at org.springframework.beans.factory.support.DefaultSingletonBeanRegistry.getSingleton(DefaultSingletonBeanRegistry.java:234)
	at org.springframework.beans.factory.support.AbstractBeanFactory.doGetBean(AbstractBeanFactory.java:323)
	at org.springframework.beans.factory.support.AbstractBeanFactory.getBean(AbstractBeanFactory.java:199)
	at org.springframework.beans.factory.support.DefaultListableBeanFactory.preInstantiateSingletons(DefaultListableBeanFactory.java:973)
	at org.springframework.context.support.AbstractApplicationContext.finishBeanFactoryInitialization(AbstractApplicationContext.java:946)
	at org.springframework.context.support.AbstractApplicationContext.refresh(AbstractApplicationContext.java:616)
	at org.springframework.boot.SpringApplication.refresh(SpringApplication.java:753)
	at org.springframework.boot.SpringApplication.refreshContext(SpringApplication.java:455)
	at org.springframework.boot.SpringApplication.run(SpringApplication.java:323)
	at org.springframework.boot.test.context.SpringBootContextLoader.lambda$loadContext$3(SpringBootContextLoader.java:137)
	at org.springframework.util.function.ThrowingSupplier.get(ThrowingSupplier.java:58)
	at org.springframework.util.function.ThrowingSupplier.get(ThrowingSupplier.java:46)
	at org.springframework.boot.SpringApplication.withHook(SpringApplication.java:1442)
	at org.springframework.boot.test.context.SpringBootContextLoader$ContextLoaderHook.run(SpringBootContextLoader.java:552)
	at org.springframework.boot.test.context.SpringBootContextLoader.loadContext(SpringBootContextLoader.java:137)
	at org.springframework.boot.test.context.SpringBootContextLoader.loadContext(SpringBootContextLoader.java:108)
	at org.springframework.test.context.cache.DefaultCacheAwareContextLoaderDelegate.loadContextInternal(DefaultCacheAwareContextLoaderDelegate.java:225)
	at org.springframework.test.context.cache.DefaultCacheAwareContextLoaderDelegate.loadContext(DefaultCacheAwareContextLoaderDelegate.java:152)
	... 17 more
Caused by: org.springframework.beans.factory.UnsatisfiedDependencyException: Error creating bean with name 'avaliacaoService': Unsatisfied dependency expressed through field 'mercadoService': Error creating bean with name 'mercadoService': Unsatisfied dependency expressed through field 'notificacaoService': Error creating bean with name 'notificacaoService' defined in file [/workspaces/ProjetoMercadoNetflix-Docs/target/classes/com/netflix/mercado/service/NotificacaoService.class]: Could not create recurring task for @Scheduled method 'limparNotificacoesAntigas': Only no-arg methods may be annotated with @Scheduled
	at org.springframework.beans.factory.annotation.AutowiredAnnotationBeanPostProcessor$AutowiredFieldElement.resolveFieldValue(AutowiredAnnotationBeanPostProcessor.java:772)
	at org.springframework.beans.factory.annotation.AutowiredAnnotationBeanPostProcessor$AutowiredFieldElement.inject(AutowiredAnnotationBeanPostProcessor.java:752)
	at org.springframework.beans.factory.annotation.InjectionMetadata.inject(InjectionMetadata.java:145)
	at org.springframework.beans.factory.annotation.AutowiredAnnotationBeanPostProcessor.postProcessProperties(AutowiredAnnotationBeanPostProcessor.java:493)
	at org.springframework.beans.factory.support.AbstractAutowireCapableBeanFactory.populateBean(AbstractAutowireCapableBeanFactory.java:1420)
	at org.springframework.beans.factory.support.AbstractAutowireCapableBeanFactory.doCreateBean(AbstractAutowireCapableBeanFactory.java:600)
	at org.springframework.beans.factory.support.AbstractAutowireCapableBeanFactory.createBean(AbstractAutowireCapableBeanFactory.java:523)
	at org.springframework.beans.factory.support.AbstractBeanFactory.lambda$doGetBean$0(AbstractBeanFactory.java:325)
	at org.springframework.beans.factory.support.DefaultSingletonBeanRegistry.getSingleton(DefaultSingletonBeanRegistry.java:234)
	at org.springframework.beans.factory.support.AbstractBeanFactory.doGetBean(AbstractBeanFactory.java:323)
	at org.springframework.beans.factory.support.AbstractBeanFactory.getBean(AbstractBeanFactory.java:199)
	at org.springframework.beans.factory.config.DependencyDescriptor.resolveCandidate(DependencyDescriptor.java:254)
	at org.springframework.beans.factory.support.DefaultListableBeanFactory.doResolveDependency(DefaultListableBeanFactory.java:1441)
	at org.springframework.beans.factory.support.DefaultListableBeanFactory.resolveDependency(DefaultListableBeanFactory.java:1348)
	at org.springframework.beans.factory.support.ConstructorResolver.resolveAutowiredArgument(ConstructorResolver.java:911)
	at org.springframework.beans.factory.support.ConstructorResolver.createArgumentArray(ConstructorResolver.java:789)
	... 41 more
Caused by: org.springframework.beans.factory.UnsatisfiedDependencyException: Error creating bean with name 'mercadoService': Unsatisfied dependency expressed through field 'notificacaoService': Error creating bean with name 'notificacaoService' defined in file [/workspaces/ProjetoMercadoNetflix-Docs/target/classes/com/netflix/mercado/service/NotificacaoService.class]: Could not create recurring task for @Scheduled method 'limparNotificacoesAntigas': Only no-arg methods may be annotated with @Scheduled
	at org.springframework.beans.factory.annotation.AutowiredAnnotationBeanPostProcessor$AutowiredFieldElement.resolveFieldValue(AutowiredAnnotationBeanPostProcessor.java:772)
	at org.springframework.beans.factory.annotation.AutowiredAnnotationBeanPostProcessor$AutowiredFieldElement.inject(AutowiredAnnotationBeanPostProcessor.java:752)
	at org.springframework.beans.factory.annotation.InjectionMetadata.inject(InjectionMetadata.java:145)
	at org.springframework.beans.factory.annotation.AutowiredAnnotationBeanPostProcessor.postProcessProperties(AutowiredAnnotationBeanPostProcessor.java:493)
	at org.springframework.beans.factory.support.AbstractAutowireCapableBeanFactory.populateBean(AbstractAutowireCapableBeanFactory.java:1420)
	at org.springframework.beans.factory.support.AbstractAutowireCapableBeanFactory.doCreateBean(AbstractAutowireCapableBeanFactory.java:600)
	at org.springframework.beans.factory.support.AbstractAutowireCapableBeanFactory.createBean(AbstractAutowireCapableBeanFactory.java:523)
	at org.springframework.beans.factory.support.AbstractBeanFactory.lambda$doGetBean$0(AbstractBeanFactory.java:325)
	at org.springframework.beans.factory.support.DefaultSingletonBeanRegistry.getSingleton(DefaultSingletonBeanRegistry.java:234)
	at org.springframework.beans.factory.support.AbstractBeanFactory.doGetBean(AbstractBeanFactory.java:323)
	at org.springframework.beans.factory.support.AbstractBeanFactory.getBean(AbstractBeanFactory.java:199)
	at org.springframework.beans.factory.config.DependencyDescriptor.resolveCandidate(DependencyDescriptor.java:254)
	at org.springframework.beans.factory.support.DefaultListableBeanFactory.doResolveDependency(DefaultListableBeanFactory.java:1441)
	at org.springframework.beans.factory.support.DefaultListableBeanFactory.resolveDependency(DefaultListableBeanFactory.java:1348)
	at org.springframework.beans.factory.annotation.AutowiredAnnotationBeanPostProcessor$AutowiredFieldElement.resolveFieldValue(AutowiredAnnotationBeanPostProcessor.java:769)
	... 56 more
Caused by: org.springframework.beans.factory.BeanCreationException: Error creating bean with name 'notificacaoService' defined in file [/workspaces/ProjetoMercadoNetflix-Docs/target/classes/com/netflix/mercado/service/NotificacaoService.class]: Could not create recurring task for @Scheduled method 'limparNotificacoesAntigas': Only no-arg methods may be annotated with @Scheduled
	at org.springframework.beans.factory.support.AbstractAutowireCapableBeanFactory.doCreateBean(AbstractAutowireCapableBeanFactory.java:608)
	at org.springframework.beans.factory.support.AbstractAutowireCapableBeanFactory.createBean(AbstractAutowireCapableBeanFactory.java:523)
	at org.springframework.beans.factory.support.AbstractBeanFactory.lambda$doGetBean$0(AbstractBeanFactory.java:325)
	at org.springframework.beans.factory.support.DefaultSingletonBeanRegistry.getSingleton(DefaultSingletonBeanRegistry.java:234)
	at org.springframework.beans.factory.support.AbstractBeanFactory.doGetBean(AbstractBeanFactory.java:323)
	at org.springframework.beans.factory.support.AbstractBeanFactory.getBean(AbstractBeanFactory.java:199)
	at org.springframework.beans.factory.config.DependencyDescriptor.resolveCandidate(DependencyDescriptor.java:254)
	at org.springframework.beans.factory.support.DefaultListableBeanFactory.doResolveDependency(DefaultListableBeanFactory.java:1441)
	at org.springframework.beans.factory.support.DefaultListableBeanFactory.resolveDependency(DefaultListableBeanFactory.java:1348)
	at org.springframework.beans.factory.annotation.AutowiredAnnotationBeanPostProcessor$AutowiredFieldElement.resolveFieldValue(AutowiredAnnotationBeanPostProcessor.java:769)
	... 70 more
Caused by: java.lang.IllegalStateException: Could not create recurring task for @Scheduled method 'limparNotificacoesAntigas': Only no-arg methods may be annotated with @Scheduled
	at org.springframework.scheduling.annotation.ScheduledAnnotationBeanPostProcessor.processScheduledSync(ScheduledAnnotationBeanPostProcessor.java:351)
	at org.springframework.scheduling.annotation.ScheduledAnnotationBeanPostProcessor.processScheduled(ScheduledAnnotationBeanPostProcessor.java:332)
	at org.springframework.scheduling.annotation.ScheduledAnnotationBeanPostProcessor.lambda$postProcessAfterInitialization$1(ScheduledAnnotationBeanPostProcessor.java:304)
	at java.base/java.lang.Iterable.forEach(Iterable.java:75)
	at org.springframework.scheduling.annotation.ScheduledAnnotationBeanPostProcessor.lambda$postProcessAfterInitialization$2(ScheduledAnnotationBeanPostProcessor.java:304)
	at java.base/java.util.LinkedHashMap.forEach(LinkedHashMap.java:721)
	at org.springframework.scheduling.annotation.ScheduledAnnotationBeanPostProcessor.postProcessAfterInitialization(ScheduledAnnotationBeanPostProcessor.java:303)
	at org.springframework.beans.factory.support.AbstractAutowireCapableBeanFactory.applyBeanPostProcessorsAfterInitialization(AbstractAutowireCapableBeanFactory.java:437)
	at org.springframework.beans.factory.support.AbstractAutowireCapableBeanFactory.initializeBean(AbstractAutowireCapableBeanFactory.java:1778)
	at org.springframework.beans.factory.support.AbstractAutowireCapableBeanFactory.doCreateBean(AbstractAutowireCapableBeanFactory.java:601)
	... 79 more
]]></error>
    <system-out><![CDATA[00:25:21.142 [main] INFO  o.s.t.c.s.AnnotationConfigContextLoaderUtils - Could not detect default configuration classes for test class [com.netflix.mercado.repository.RoleRepositoryTest]: RoleRepositoryTest does not declare any static, non-private, non-final, nested classes annotated with @Configuration.
00:25:21.188 [main] INFO  o.s.b.t.c.SpringBootTestContextBootstrapper - Found @SpringBootConfiguration com.netflix.mercado.ProjetoMercadoNetflixApplication for test class com.netflix.mercado.repository.RoleRepositoryTest

  .   ____          _            __ _ _
 /\\ / ___'_ __ _ _(_)_ __  __ _ \ \ \ \
( ( )\___ | '_ | '_| | '_ \/ _` | \ \ \ \
 \\/  ___)| |_)| | | | | || (_| |  ) ) ) )
  '  |____| .__|_| |_|_| |_\__, | / / / /
 =========|_|==============|___/=/_/_/_/
 :: Spring Boot ::                (v3.2.0)

00:25:21.321 [main] INFO  c.n.m.repository.RoleRepositoryTest - Starting RoleRepositoryTest using Java 17.0.9 with PID 168971 (started by codespace in /workspaces/ProjetoMercadoNetflix-Docs)
00:25:21.322 [main] DEBUG c.n.m.repository.RoleRepositoryTest - Running with Spring Boot v3.2.0, Spring v6.1.1
00:25:21.322 [main] INFO  c.n.m.repository.RoleRepositoryTest - The following 1 profile is active: "test"
00:25:22.468 [main] WARN  org.hibernate.orm.deprecation - HHH90000025: H2Dialect does not need to be specified explicitly using 'hibernate.dialect' (remove the property setting and it will be selected by default)
00:25:25.281 [main] DEBUG org.hibernate.SQL - 
    drop table if exists audit_logs cascade 
Hibernate: 
    drop table if exists audit_logs cascade 
00:25:25.289 [main] DEBUG org.hibernate.SQL - 
    drop table if exists avaliacoes cascade 
Hibernate: 
    drop table if exists avaliacoes cascade 
00:25:25.290 [main] DEBUG org.hibernate.SQL - 
    drop table if exists comentarios cascade 
Hibernate: 
    drop table if exists comentarios cascade 
00:25:25.290 [main] DEBUG org.hibernate.SQL - 
    drop table if exists favoritos cascade 
Hibernate: 
    drop table if exists favoritos cascade 
00:25:25.291 [main] DEBUG org.hibernate.SQL - 
    drop table if exists horarios_funcionamento cascade 
Hibernate: 
    drop table if exists horarios_funcionamento cascade 
00:25:25.291 [main] DEBUG org.hibernate.SQL - 
    drop table if exists mercados cascade 
Hibernate: 
    drop table if exists mercados cascade 
00:25:25.291 [main] DEBUG org.hibernate.SQL - 
    drop table if exists notificacoes cascade 
Hibernate: 
    drop table if exists notificacoes cascade 
00:25:25.292 [main] DEBUG org.hibernate.SQL - 
    drop table if exists promocoes cascade 
Hibernate: 
    drop table if exists promocoes cascade 
00:25:25.292 [main] DEBUG org.hibernate.SQL - 
    drop table if exists refresh_tokens cascade 
Hibernate: 
    drop table if exists refresh_tokens cascade 
00:25:25.293 [main] DEBUG org.hibernate.SQL - 
    drop table if exists roles cascade 
Hibernate: 
    drop table if exists roles cascade 
00:25:25.293 [main] DEBUG org.hibernate.SQL - 
    drop table if exists two_factor_codes cascade 
Hibernate: 
    drop table if exists two_factor_codes cascade 
00:25:25.293 [main] DEBUG org.hibernate.SQL - 
    drop table if exists user_roles cascade 
Hibernate: 
    drop table if exists user_roles cascade 
00:25:25.294 [main] DEBUG org.hibernate.SQL - 
    drop table if exists users cascade 
Hibernate: 
    drop table if exists users cascade 
00:25:25.303 [main] DEBUG org.hibernate.SQL - 
    create table audit_logs (
        active boolean not null,
        status_http integer,
        created_at timestamp(6) not null,
        id bigint generated by default as identity,
        id_entidade bigint,
        updated_at timestamp(6) not null,
        usuario_id bigint not null,
        ip_origem varchar(45),
        acao varchar(50) not null check (acao in ('CRIACAO','ATUALIZACAO','DELECAO','VISUALIZACAO','LOGIN','LOGOUT','ERRO')),
        created_by varchar(100),
        tipo_entidade varchar(100) not null,
        updated_by varchar(100),
        user_agent varchar(500),
        descricao TEXT,
        valores_anteriores TEXT,
        valores_novos TEXT,
        primary key (id)
    )
Hibernate: 
    create table audit_logs (
        active boolean not null,
        status_http integer,
        created_at timestamp(6) not null,
        id bigint generated by default as identity,
        id_entidade bigint,
        updated_at timestamp(6) not null,
        usuario_id bigint not null,
        ip_origem varchar(45),
        acao varchar(50) not null check (acao in ('CRIACAO','ATUALIZACAO','DELECAO','VISUALIZACAO','LOGIN','LOGOUT','ERRO')),
        created_by varchar(100),
        tipo_entidade varchar(100) not null,
        updated_by varchar(100),
        user_agent varchar(500),
        descricao TEXT,
        valores_anteriores TEXT,
        valores_novos TEXT,
        primary key (id)
    )
00:25:25.333 [main] DEBUG org.hibernate.SQL - 
    create table avaliacoes (
        active boolean not null,
        estrelas integer not null,
        verificado boolean not null,
        created_at timestamp(6) not null,
        id bigint generated by default as identity,
        inutils bigint not null,
        mercado_id bigint not null,
        updated_at timestamp(6) not null,
        usuario_id bigint not null,
        uteis bigint not null,
        created_by varchar(100),
        updated_by varchar(100),
        comentario TEXT,
        primary key (id)
    )
Hibernate: 
    create table avaliacoes (
        active boolean not null,
        estrelas integer not null,
        verificado boolean not null,
        created_at timestamp(6) not null,
        id bigint generated by default as identity,
        inutils bigint not null,
        mercado_id bigint not null,
        updated_at timestamp(6) not null,
        usuario_id bigint not null,
        uteis bigint not null,
        created_by varchar(100),
        updated_by varchar(100),
        comentario TEXT,
        primary key (id)
    )
00:25:25.344 [main] DEBUG org.hibernate.SQL - 
    create table comentarios (
        active boolean not null,
        moderado boolean not null,
        avaliacao_id bigint not null,
        comentario_pai_id bigint,
        created_at timestamp(6) not null,
        curtidas bigint not null,
        id bigint generated by default as identity,
        moderado_por_id bigint,
        updated_at timestamp(6) not null,
        usuario_id bigint not null,
        created_by varchar(100),
        updated_by varchar(100),
        motivo_rejeicao varchar(500),
        conteudo TEXT not null,
        primary key (id)
    )
Hibernate: 
    create table comentarios (
        active boolean not null,
        moderado boolean not null,
        avaliacao_id bigint not null,
        comentario_pai_id bigint,
        created_at timestamp(6) not null,
        curtidas bigint not null,
        id bigint generated by default as identity,
        moderado_por_id bigint,
        updated_at timestamp(6) not null,
        usuario_id bigint not null,
        created_by varchar(100),
        updated_by varchar(100),
        motivo_rejeicao varchar(500),
        conteudo TEXT not null,
        primary key (id)
    )
00:25:25.350 [main] DEBUG org.hibernate.SQL - 
    create table favoritos (
        active boolean not null,
        prioridade integer not null,
        created_at timestamp(6) not null,
        id bigint generated by default as identity,
        mercado_id bigint not null,
        updated_at timestamp(6) not null,
        usuario_id bigint not null,
        created_by varchar(100),
        updated_by varchar(100),
        observacoes varchar(500),
        primary key (id),
        constraint idx_favorito_unico unique (usuario_id, mercado_id)
    )
Hibernate: 
    create table favoritos (
        active boolean not null,
        prioridade integer not null,
        created_at timestamp(6) not null,
        id bigint generated by default as identity,
        mercado_id bigint not null,
        updated_at timestamp(6) not null,
        usuario_id bigint not null,
        created_by varchar(100),
        updated_by varchar(100),
        observacoes varchar(500),
        primary key (id),
        constraint idx_favorito_unico unique (usuario_id, mercado_id)
    )
00:25:25.358 [main] DEBUG org.hibernate.SQL - 
    create table horarios_funcionamento (
        aberto boolean not null,
        active boolean not null,
        hora_abertura time(6) not null,
        hora_fechamento time(6) not null,
        created_at timestamp(6) not null,
        id bigint generated by default as identity,
        mercado_id bigint not null,
        updated_at timestamp(6) not null,
        dia_semana varchar(20) not null check (dia_semana in ('SEGUNDA','TERCA','QUARTA','QUINTA','SEXTA','SABADO','DOMINGO')),
        created_by varchar(100),
        updated_by varchar(100),
        observacoes varchar(255),
        primary key (id),
        constraint uk_mercado_dia unique (mercado_id, dia_semana)
    )
Hibernate: 
    create table horarios_funcionamento (
        aberto boolean not null,
        active boolean not null,
        hora_abertura time(6) not null,
        hora_fechamento time(6) not null,
        created_at timestamp(6) not null,
        id bigint generated by default as identity,
        mercado_id bigint not null,
        updated_at timestamp(6) not null,
        dia_semana varchar(20) not null check (dia_semana in ('SEGUNDA','TERCA','QUARTA','QUINTA','SEXTA','SABADO','DOMINGO')),
        created_by varchar(100),
        updated_by varchar(100),
        observacoes varchar(255),
        primary key (id),
        constraint uk_mercado_dia unique (mercado_id, dia_semana)
    )
00:25:25.367 [main] DEBUG org.hibernate.SQL - 
    create table mercados (
        active boolean not null,
        avaliacao_media numeric(3,2) not null,
        estado varchar(2) not null,
        latitude numeric(10,8) not null,
        longitude numeric(11,8) not null,
        created_at timestamp(6) not null,
        criado_por_id bigint,
        id bigint generated by default as identity,
        total_avaliacoes bigint not null,
        updated_at timestamp(6) not null,
        cep varchar(9) not null,
        cnpj varchar(18) unique,
        numero varchar(20),
        telefone varchar(20),
        bairro varchar(100) not null,
        cidade varchar(100) not null,
        created_by varchar(100),
        updated_by varchar(100),
        email varchar(150) unique,
        nome varchar(150) not null,
        foto_principal_url varchar(500),
        complemento varchar(255),
        descricao TEXT not null,
        endereco varchar(255) not null,
        primary key (id)
    )
Hibernate: 
    create table mercados (
        active boolean not null,
        avaliacao_media numeric(3,2) not null,
        estado varchar(2) not null,
        latitude numeric(10,8) not null,
        longitude numeric(11,8) not null,
        created_at timestamp(6) not null,
        criado_por_id bigint,
        id bigint generated by default as identity,
        total_avaliacoes bigint not null,
        updated_at timestamp(6) not null,
        cep varchar(9) not null,
        cnpj varchar(18) unique,
        numero varchar(20),
        telefone varchar(20),
        bairro varchar(100) not null,
        cidade varchar(100) not null,
        created_by varchar(100),
        updated_by varchar(100),
        email varchar(150) unique,
        nome varchar(150) not null,
        foto_principal_url varchar(500),
        complemento varchar(255),
        descricao TEXT not null,
        endereco varchar(255) not null,
        primary key (id)
    )
00:25:25.372 [main] DEBUG org.hibernate.SQL - 
    create table notificacoes (
        active boolean not null,
        lida boolean not null,
        created_at timestamp(6) not null,
        data_leitura timestamp(6),
        id bigint generated by default as identity,
        updated_at timestamp(6) not null,
        usuario_id bigint not null,
        tipo varchar(50) not null check (tipo in ('SISTEMA','PROMOCAO','AVALIACAO','COMENTARIO','MERCADO')),
        created_by varchar(100),
        updated_by varchar(100),
        titulo varchar(150) not null,
        url_acao varchar(500),
        conteudo TEXT not null,
        primary key (id)
    )
Hibernate: 
    create table notificacoes (
        active boolean not null,
        lida boolean not null,
        created_at timestamp(6) not null,
        data_leitura timestamp(6),
        id bigint generated by default as identity,
        updated_at timestamp(6) not null,
        usuario_id bigint not null,
        tipo varchar(50) not null check (tipo in ('SISTEMA','PROMOCAO','AVALIACAO','COMENTARIO','MERCADO')),
        created_by varchar(100),
        updated_by varchar(100),
        titulo varchar(150) not null,
        url_acao varchar(500),
        conteudo TEXT not null,
        primary key (id)
    )
00:25:25.377 [main] DEBUG org.hibernate.SQL - 
    create table promocoes (
        active boolean not null,
        ativa boolean not null,
        percentual_desconto numeric(5,2) not null,
        valor_desconto_maximo numeric(10,2),
        valor_minimo_compra numeric(10,2),
        created_at timestamp(6) not null,
        data_inicio timestamp(6),
        data_validade timestamp(6) not null,
        id bigint generated by default as identity,
        max_utilizacoes bigint not null,
        mercado_id bigint not null,
        updated_at timestamp(6) not null,
        utilizacoes_atuais bigint not null,
        codigo varchar(50) not null unique,
        created_by varchar(100),
        updated_by varchar(100),
        descricao TEXT not null,
        primary key (id)
    )
Hibernate: 
    create table promocoes (
        active boolean not null,
        ativa boolean not null,
        percentual_desconto numeric(5,2) not null,
        valor_desconto_maximo numeric(10,2),
        valor_minimo_compra numeric(10,2),
        created_at timestamp(6) not null,
        data_inicio timestamp(6),
        data_validade timestamp(6) not null,
        id bigint generated by default as identity,
        max_utilizacoes bigint not null,
        mercado_id bigint not null,
        updated_at timestamp(6) not null,
        utilizacoes_atuais bigint not null,
        codigo varchar(50) not null unique,
        created_by varchar(100),
        updated_by varchar(100),
        descricao TEXT not null,
        primary key (id)
    )
00:25:25.384 [main] DEBUG org.hibernate.SQL - 
    create table refresh_tokens (
        active boolean not null,
        revogado boolean not null,
        created_at timestamp(6) not null,
        data_expiracao timestamp(6) with time zone not null,
        id bigint generated by default as identity,
        updated_at timestamp(6) not null,
        usuario_id bigint not null,
        ip_origem varchar(45),
        created_by varchar(100),
        updated_by varchar(100),
        user_agent varchar(500),
        token TEXT not null unique,
        primary key (id)
    )
Hibernate: 
    create table refresh_tokens (
        active boolean not null,
        revogado boolean not null,
        created_at timestamp(6) not null,
        data_expiracao timestamp(6) with time zone not null,
        id bigint generated by default as identity,
        updated_at timestamp(6) not null,
        usuario_id bigint not null,
        ip_origem varchar(45),
        created_by varchar(100),
        updated_by varchar(100),
        user_agent varchar(500),
        token TEXT not null unique,
        primary key (id)
    )
00:25:25.389 [main] DEBUG org.hibernate.SQL - 
    create table roles (
        active boolean not null,
        created_at timestamp(6) not null,
        id bigint generated by default as identity,
        updated_at timestamp(6) not null,
        name varchar(50) not null unique check (name in ('USER','ADMIN','SELLER','MODERATOR')),
        created_by varchar(100),
        updated_by varchar(100),
        description varchar(255),
        primary key (id)
    )
Hibernate: 
    create table roles (
        active boolean not null,
        created_at timestamp(6) not null,
        id bigint generated by default as identity,
        updated_at timestamp(6) not null,
        name varchar(50) not null unique check (name in ('USER','ADMIN','SELLER','MODERATOR')),
        created_by varchar(100),
        updated_by varchar(100),
        description varchar(255),
        primary key (id)
    )
00:25:25.396 [main] DEBUG org.hibernate.SQL - 
    create table two_factor_codes (
        active boolean not null,
        max_tentativas integer not null,
        tentativas integer not null,
        utilizado boolean not null,
        created_at timestamp(6) not null,
        data_expiracao timestamp(6) not null,
        data_utilizacao timestamp(6),
        id bigint generated by default as identity,
        updated_at timestamp(6) not null,
        usuario_id bigint not null,
        codigo varchar(10) not null unique,
        metodo_envio varchar(20) not null,
        created_by varchar(100),
        updated_by varchar(100),
        primary key (id)
    )
Hibernate: 
    create table two_factor_codes (
        active boolean not null,
        max_tentativas integer not null,
        tentativas integer not null,
        utilizado boolean not null,
        created_at timestamp(6) not null,
        data_expiracao timestamp(6) not null,
        data_utilizacao timestamp(6),
        id bigint generated by default as identity,
        updated_at timestamp(6) not null,
        usuario_id bigint not null,
        codigo varchar(10) not null unique,
        metodo_envio varchar(20) not null,
        created_by varchar(100),
        updated_by varchar(100),
        primary key (id)
    )
00:25:25.401 [main] DEBUG org.hibernate.SQL - 
    create table user_roles (
        role_id bigint not null,
        user_id bigint not null,
        primary key (role_id, user_id)
    )
Hibernate: 
    create table user_roles (
        role_id bigint not null,
        user_id bigint not null,
        primary key (role_id, user_id)
    )
00:25:25.404 [main] DEBUG org.hibernate.SQL - 
    create table users (
        active boolean not null,
        birth_date date,
        email_verified boolean not null,
        two_factor_enabled boolean not null,
        created_at timestamp(6) not null,
        id bigint generated by default as identity,
        last_login timestamp(6),
        updated_at timestamp(6) not null,
        cpf varchar(14) unique,
        phone varchar(20),
        created_by varchar(100),
        updated_by varchar(100),
        email varchar(150) not null unique,
        full_name varchar(150) not null,
        avatar_url varchar(500),
        bio varchar(500),
        password_hash varchar(255) not null,
        primary key (id)
    )
Hibernate: 
    create table users (
        active boolean not null,
        birth_date date,
        email_verified boolean not null,
        two_factor_enabled boolean not null,
        created_at timestamp(6) not null,
        id bigint generated by default as identity,
        last_login timestamp(6),
        updated_at timestamp(6) not null,
        cpf varchar(14) unique,
        phone varchar(20),
        created_by varchar(100),
        updated_by varchar(100),
        email varchar(150) not null unique,
        full_name varchar(150) not null,
        avatar_url varchar(500),
        bio varchar(500),
        password_hash varchar(255) not null,
        primary key (id)
    )
00:25:25.412 [main] DEBUG org.hibernate.SQL - 
    create index idx_audit_usuario 
       on audit_logs (usuario_id)
Hibernate: 
    create index idx_audit_usuario 
       on audit_logs (usuario_id)
00:25:25.415 [main] DEBUG org.hibernate.SQL - 
    create index idx_audit_acao 
       on audit_logs (acao)
Hibernate: 
    create index idx_audit_acao 
       on audit_logs (acao)
00:25:25.416 [main] DEBUG org.hibernate.SQL - 
    create index idx_audit_entidade 
       on audit_logs (tipo_entidade)
Hibernate: 
    create index idx_audit_entidade 
       on audit_logs (tipo_entidade)
00:25:25.417 [main] DEBUG org.hibernate.SQL - 
    create index idx_audit_criada_em 
       on audit_logs (created_at)
Hibernate: 
    create index idx_audit_criada_em 
       on audit_logs (created_at)
00:25:25.420 [main] DEBUG org.hibernate.SQL - 
    create index idx_avaliacao_mercado 
       on avaliacoes (mercado_id)
Hibernate: 
    create index idx_avaliacao_mercado 
       on avaliacoes (mercado_id)
00:25:25.421 [main] DEBUG org.hibernate.SQL - 
    create index idx_avaliacao_usuario 
       on avaliacoes (usuario_id)
Hibernate: 
    create index idx_avaliacao_usuario 
       on avaliacoes (usuario_id)
00:25:25.423 [main] DEBUG org.hibernate.SQL - 
    create index idx_avaliacao_estrelas 
       on avaliacoes (estrelas)
Hibernate: 
    create index idx_avaliacao_estrelas 
       on avaliacoes (estrelas)
00:25:25.425 [main] DEBUG org.hibernate.SQL - 
    create index idx_avaliacao_criada_em 
       on avaliacoes (created_at)
Hibernate: 
    create index idx_avaliacao_criada_em 
       on avaliacoes (created_at)
00:25:25.427 [main] DEBUG org.hibernate.SQL - 
    create index idx_comentario_avaliacao 
       on comentarios (avaliacao_id)
Hibernate: 
    create index idx_comentario_avaliacao 
       on comentarios (avaliacao_id)
00:25:25.428 [main] DEBUG org.hibernate.SQL - 
    create index idx_comentario_usuario 
       on comentarios (usuario_id)
Hibernate: 
    create index idx_comentario_usuario 
       on comentarios (usuario_id)
00:25:25.431 [main] DEBUG org.hibernate.SQL - 
    create index idx_comentario_pai 
       on comentarios (comentario_pai_id)
Hibernate: 
    create index idx_comentario_pai 
       on comentarios (comentario_pai_id)
00:25:25.432 [main] DEBUG org.hibernate.SQL - 
    create index idx_comentario_criada_em 
       on comentarios (created_at)
Hibernate: 
    create index idx_comentario_criada_em 
       on comentarios (created_at)
00:25:25.433 [main] DEBUG org.hibernate.SQL - 
    create index idx_favorito_usuario 
       on favoritos (usuario_id)
Hibernate: 
    create index idx_favorito_usuario 
       on favoritos (usuario_id)
00:25:25.436 [main] DEBUG org.hibernate.SQL - 
    create index idx_favorito_mercado 
       on favoritos (mercado_id)
Hibernate: 
    create index idx_favorito_mercado 
       on favoritos (mercado_id)
00:25:25.439 [main] DEBUG org.hibernate.SQL - 
    create index idx_favorito_criada_em 
       on favoritos (created_at)
Hibernate: 
    create index idx_favorito_criada_em 
       on favoritos (created_at)
00:25:25.440 [main] DEBUG org.hibernate.SQL - 
    create index idx_horario_mercado 
       on horarios_funcionamento (mercado_id)
Hibernate: 
    create index idx_horario_mercado 
       on horarios_funcionamento (mercado_id)
00:25:25.444 [main] DEBUG org.hibernate.SQL - 
    create index idx_horario_dia_semana 
       on horarios_funcionamento (dia_semana)
Hibernate: 
    create index idx_horario_dia_semana 
       on horarios_funcionamento (dia_semana)
00:25:25.444 [main] DEBUG org.hibernate.SQL - 
    create index idx_mercado_avaliacao 
       on mercados (avaliacao_media)
Hibernate: 
    create index idx_mercado_avaliacao 
       on mercados (avaliacao_media)
00:25:25.447 [main] DEBUG org.hibernate.SQL - 
    create index idx_mercado_coordenadas 
       on mercados (latitude, longitude)
Hibernate: 
    create index idx_mercado_coordenadas 
       on mercados (latitude, longitude)
00:25:25.448 [main] DEBUG org.hibernate.SQL - 
    create index idx_mercado_active 
       on mercados (active)
Hibernate: 
    create index idx_mercado_active 
       on mercados (active)
00:25:25.449 [main] DEBUG org.hibernate.SQL - 
    create index idx_notificacao_usuario 
       on notificacoes (usuario_id)
Hibernate: 
    create index idx_notificacao_usuario 
       on notificacoes (usuario_id)
00:25:25.452 [main] DEBUG org.hibernate.SQL - 
    create index idx_notificacao_lida 
       on notificacoes (lida)
Hibernate: 
    create index idx_notificacao_lida 
       on notificacoes (lida)
00:25:25.453 [main] DEBUG org.hibernate.SQL - 
    create index idx_notificacao_tipo 
       on notificacoes (tipo)
Hibernate: 
    create index idx_notificacao_tipo 
       on notificacoes (tipo)
00:25:25.456 [main] DEBUG org.hibernate.SQL - 
    create index idx_notificacao_criada_em 
       on notificacoes (created_at)
Hibernate: 
    create index idx_notificacao_criada_em 
       on notificacoes (created_at)
00:25:25.456 [main] DEBUG org.hibernate.SQL - 
    create index idx_promocao_mercado 
       on promocoes (mercado_id)
Hibernate: 
    create index idx_promocao_mercado 
       on promocoes (mercado_id)
00:25:25.457 [main] DEBUG org.hibernate.SQL - 
    create index idx_promocao_ativa 
       on promocoes (ativa)
Hibernate: 
    create index idx_promocao_ativa 
       on promocoes (ativa)
00:25:25.460 [main] DEBUG org.hibernate.SQL - 
    create index idx_promocao_validade 
       on promocoes (data_validade)
Hibernate: 
    create index idx_promocao_validade 
       on promocoes (data_validade)
00:25:25.461 [main] DEBUG org.hibernate.SQL - 
    create index idx_refresh_token_usuario 
       on refresh_tokens (usuario_id)
Hibernate: 
    create index idx_refresh_token_usuario 
       on refresh_tokens (usuario_id)
00:25:25.463 [main] DEBUG org.hibernate.SQL - 
    create index idx_refresh_token_expiracao 
       on refresh_tokens (data_expiracao)
Hibernate: 
    create index idx_refresh_token_expiracao 
       on refresh_tokens (data_expiracao)
00:25:25.464 [main] DEBUG org.hibernate.SQL - 
    create index idx_2fa_usuario 
       on two_factor_codes (usuario_id)
Hibernate: 
    create index idx_2fa_usuario 
       on two_factor_codes (usuario_id)
00:25:25.465 [main] DEBUG org.hibernate.SQL - 
    create index idx_2fa_expiracao 
       on two_factor_codes (data_expiracao)
Hibernate: 
    create index idx_2fa_expiracao 
       on two_factor_codes (data_expiracao)
00:25:25.467 [main] DEBUG org.hibernate.SQL - 
    create index idx_user_roles_user 
       on user_roles (user_id)
Hibernate: 
    create index idx_user_roles_user 
       on user_roles (user_id)
00:25:25.469 [main] DEBUG org.hibernate.SQL - 
    create index idx_user_roles_role 
       on user_roles (role_id)
Hibernate: 
    create index idx_user_roles_role 
       on user_roles (role_id)
00:25:25.471 [main] DEBUG org.hibernate.SQL - 
    create index idx_user_active 
       on users (active)
Hibernate: 
    create index idx_user_active 
       on users (active)
00:25:25.472 [main] DEBUG org.hibernate.SQL - 
    alter table if exists audit_logs 
       add constraint fk_audit_usuario 
       foreign key (usuario_id) 
       references users
Hibernate: 
    alter table if exists audit_logs 
       add constraint fk_audit_usuario 
       foreign key (usuario_id) 
       references users
00:25:25.490 [main] DEBUG org.hibernate.SQL - 
    alter table if exists avaliacoes 
       add constraint fk_avaliacao_mercado 
       foreign key (mercado_id) 
       references mercados
Hibernate: 
    alter table if exists avaliacoes 
       add constraint fk_avaliacao_mercado 
       foreign key (mercado_id) 
       references mercados
00:25:25.494 [main] DEBUG org.hibernate.SQL - 
    alter table if exists avaliacoes 
       add constraint fk_avaliacao_usuario 
       foreign key (usuario_id) 
       references users
Hibernate: 
    alter table if exists avaliacoes 
       add constraint fk_avaliacao_usuario 
       foreign key (usuario_id) 
       references users
00:25:25.496 [main] DEBUG org.hibernate.SQL - 
    alter table if exists comentarios 
       add constraint fk_comentario_avaliacao 
       foreign key (avaliacao_id) 
       references avaliacoes
Hibernate: 
    alter table if exists comentarios 
       add constraint fk_comentario_avaliacao 
       foreign key (avaliacao_id) 
       references avaliacoes
00:25:25.501 [main] DEBUG org.hibernate.SQL - 
    alter table if exists comentarios 
       add constraint fk_comentario_pai 
       foreign key (comentario_pai_id) 
       references comentarios
Hibernate: 
    alter table if exists comentarios 
       add constraint fk_comentario_pai 
       foreign key (comentario_pai_id) 
       references comentarios
00:25:25.503 [main] DEBUG org.hibernate.SQL - 
    alter table if exists comentarios 
       add constraint fk_comentario_moderador 
       foreign key (moderado_por_id) 
       references users
Hibernate: 
    alter table if exists comentarios 
       add constraint fk_comentario_moderador 
       foreign key (moderado_por_id) 
       references users
00:25:25.507 [main] DEBUG org.hibernate.SQL - 
    alter table if exists comentarios 
       add constraint fk_comentario_usuario 
       foreign key (usuario_id) 
       references users
Hibernate: 
    alter table if exists comentarios 
       add constraint fk_comentario_usuario 
       foreign key (usuario_id) 
       references users
00:25:25.511 [main] DEBUG org.hibernate.SQL - 
    alter table if exists favoritos 
       add constraint fk_favorito_mercado 
       foreign key (mercado_id) 
       references mercados
Hibernate: 
    alter table if exists favoritos 
       add constraint fk_favorito_mercado 
       foreign key (mercado_id) 
       references mercados
00:25:25.515 [main] DEBUG org.hibernate.SQL - 
    alter table if exists favoritos 
       add constraint fk_favorito_usuario 
       foreign key (usuario_id) 
       references users
Hibernate: 
    alter table if exists favoritos 
       add constraint fk_favorito_usuario 
       foreign key (usuario_id) 
       references users
00:25:25.521 [main] DEBUG org.hibernate.SQL - 
    alter table if exists horarios_funcionamento 
       add constraint fk_horario_mercado 
       foreign key (mercado_id) 
       references mercados
Hibernate: 
    alter table if exists horarios_funcionamento 
       add constraint fk_horario_mercado 
       foreign key (mercado_id) 
       references mercados
00:25:25.527 [main] DEBUG org.hibernate.SQL - 
    alter table if exists mercados 
       add constraint FKh93qhjbc4tfq8wbmthmpuwqgn 
       foreign key (criado_por_id) 
       references users
Hibernate: 
    alter table if exists mercados 
       add constraint FKh93qhjbc4tfq8wbmthmpuwqgn 
       foreign key (criado_por_id) 
       references users
00:25:25.530 [main] DEBUG org.hibernate.SQL - 
    alter table if exists notificacoes 
       add constraint fk_notificacao_usuario 
       foreign key (usuario_id) 
       references users
Hibernate: 
    alter table if exists notificacoes 
       add constraint fk_notificacao_usuario 
       foreign key (usuario_id) 
       references users
00:25:25.536 [main] DEBUG org.hibernate.SQL - 
    alter table if exists promocoes 
       add constraint fk_promocao_mercado 
       foreign key (mercado_id) 
       references mercados
Hibernate: 
    alter table if exists promocoes 
       add constraint fk_promocao_mercado 
       foreign key (mercado_id) 
       references mercados
00:25:25.540 [main] DEBUG org.hibernate.SQL - 
    alter table if exists refresh_tokens 
       add constraint fk_refresh_token_usuario 
       foreign key (usuario_id) 
       references users
Hibernate: 
    alter table if exists refresh_tokens 
       add constraint fk_refresh_token_usuario 
       foreign key (usuario_id) 
       references users
00:25:25.545 [main] DEBUG org.hibernate.SQL - 
    alter table if exists two_factor_codes 
       add constraint fk_2fa_usuario 
       foreign key (usuario_id) 
       references users
Hibernate: 
    alter table if exists two_factor_codes 
       add constraint fk_2fa_usuario 
       foreign key (usuario_id) 
       references users
00:25:25.549 [main] DEBUG org.hibernate.SQL - 
    alter table if exists user_roles 
       add constraint FKh8ciramu9cc9q3qcqiv4ue8a6 
       foreign key (role_id) 
       references roles
Hibernate: 
    alter table if exists user_roles 
       add constraint FKh8ciramu9cc9q3qcqiv4ue8a6 
       foreign key (role_id) 
       references roles
00:25:25.551 [main] DEBUG org.hibernate.SQL - 
    alter table if exists user_roles 
       add constraint FKhfh9dx7w3ubf1co1vdev94g3f 
       foreign key (user_id) 
       references users
Hibernate: 
    alter table if exists user_roles 
       add constraint FKhfh9dx7w3ubf1co1vdev94g3f 
       foreign key (user_id) 
       references users
00:25:29.575 [main] WARN  o.s.c.a.AnnotationConfigApplicationContext - Exception encountered during context initialization - cancelling refresh attempt: org.springframework.beans.factory.UnsatisfiedDependencyException: Error creating bean with name 'avaliacaoController' defined in file [/workspaces/ProjetoMercadoNetflix-Docs/target/classes/com/netflix/mercado/controller/AvaliacaoController.class]: Unsatisfied dependency expressed through constructor parameter 0: Error creating bean with name 'avaliacaoService': Unsatisfied dependency expressed through field 'mercadoService': Error creating bean with name 'mercadoService': Unsatisfied dependency expressed through field 'notificacaoService': Error creating bean with name 'notificacaoService' defined in file [/workspaces/ProjetoMercadoNetflix-Docs/target/classes/com/netflix/mercado/service/NotificacaoService.class]: Could not create recurring task for @Scheduled method 'limparNotificacoesAntigas': Only no-arg methods may be annotated with @Scheduled
00:25:29.577 [main] DEBUG org.hibernate.SQL - 
    drop table if exists audit_logs cascade 
Hibernate: 
    drop table if exists audit_logs cascade 
00:25:29.585 [main] DEBUG org.hibernate.SQL - 
    drop table if exists avaliacoes cascade 
Hibernate: 
    drop table if exists avaliacoes cascade 
00:25:29.590 [main] DEBUG org.hibernate.SQL - 
    drop table if exists comentarios cascade 
Hibernate: 
    drop table if exists comentarios cascade 
00:25:29.593 [main] DEBUG org.hibernate.SQL - 
    drop table if exists favoritos cascade 
Hibernate: 
    drop table if exists favoritos cascade 
00:25:29.599 [main] DEBUG org.hibernate.SQL - 
    drop table if exists horarios_funcionamento cascade 
Hibernate: 
    drop table if exists horarios_funcionamento cascade 
00:25:29.600 [main] DEBUG org.hibernate.SQL - 
    drop table if exists mercados cascade 
Hibernate: 
    drop table if exists mercados cascade 
00:25:29.602 [main] DEBUG org.hibernate.SQL - 
    drop table if exists notificacoes cascade 
Hibernate: 
    drop table if exists notificacoes cascade 
00:25:29.604 [main] DEBUG org.hibernate.SQL - 
    drop table if exists promocoes cascade 
Hibernate: 
    drop table if exists promocoes cascade 
00:25:29.609 [main] DEBUG org.hibernate.SQL - 
    drop table if exists refresh_tokens cascade 
Hibernate: 
    drop table if exists refresh_tokens cascade 
00:25:29.611 [main] DEBUG org.hibernate.SQL - 
    drop table if exists roles cascade 
Hibernate: 
    drop table if exists roles cascade 
00:25:29.613 [main] DEBUG org.hibernate.SQL - 
    drop table if exists two_factor_codes cascade 
Hibernate: 
    drop table if exists two_factor_codes cascade 
00:25:29.617 [main] DEBUG org.hibernate.SQL - 
    drop table if exists user_roles cascade 
Hibernate: 
    drop table if exists user_roles cascade 
00:25:29.620 [main] DEBUG org.hibernate.SQL - 
    drop table if exists users cascade 
Hibernate: 
    drop table if exists users cascade 
00:25:29.629 [main] ERROR o.s.boot.SpringApplication - Application run failed
org.springframework.beans.factory.UnsatisfiedDependencyException: Error creating bean with name 'avaliacaoController' defined in file [/workspaces/ProjetoMercadoNetflix-Docs/target/classes/com/netflix/mercado/controller/AvaliacaoController.class]: Unsatisfied dependency expressed through constructor parameter 0: Error creating bean with name 'avaliacaoService': Unsatisfied dependency expressed through field 'mercadoService': Error creating bean with name 'mercadoService': Unsatisfied dependency expressed through field 'notificacaoService': Error creating bean with name 'notificacaoService' defined in file [/workspaces/ProjetoMercadoNetflix-Docs/target/classes/com/netflix/mercado/service/NotificacaoService.class]: Could not create recurring task for @Scheduled method 'limparNotificacoesAntigas': Only no-arg methods may be annotated with @Scheduled
	at org.springframework.beans.factory.support.ConstructorResolver.createArgumentArray(ConstructorResolver.java:802) ~[spring-beans-6.1.1.jar:6.1.1]
	at org.springframework.beans.factory.support.ConstructorResolver.autowireConstructor(ConstructorResolver.java:241) ~[spring-beans-6.1.1.jar:6.1.1]
	at org.springframework.beans.factory.support.AbstractAutowireCapableBeanFactory.autowireConstructor(AbstractAutowireCapableBeanFactory.java:1356) ~[spring-beans-6.1.1.jar:6.1.1]
	at org.springframework.beans.factory.support.AbstractAutowireCapableBeanFactory.createBeanInstance(AbstractAutowireCapableBeanFactory.java:1193) ~[spring-beans-6.1.1.jar:6.1.1]
	at org.springframework.beans.factory.support.AbstractAutowireCapableBeanFactory.doCreateBean(AbstractAutowireCapableBeanFactory.java:563) ~[spring-beans-6.1.1.jar:6.1.1]
	at org.springframework.beans.factory.support.AbstractAutowireCapableBeanFactory.createBean(AbstractAutowireCapableBeanFactory.java:523) ~[spring-beans-6.1.1.jar:6.1.1]
	at org.springframework.beans.factory.support.AbstractBeanFactory.lambda$doGetBean$0(AbstractBeanFactory.java:325) ~[spring-beans-6.1.1.jar:6.1.1]
	at org.springframework.beans.factory.support.DefaultSingletonBeanRegistry.getSingleton(DefaultSingletonBeanRegistry.java:234) ~[spring-beans-6.1.1.jar:6.1.1]
	at org.springframework.beans.factory.support.AbstractBeanFactory.doGetBean(AbstractBeanFactory.java:323) ~[spring-beans-6.1.1.jar:6.1.1]
	at org.springframework.beans.factory.support.AbstractBeanFactory.getBean(AbstractBeanFactory.java:199) ~[spring-beans-6.1.1.jar:6.1.1]
	at org.springframework.beans.factory.support.DefaultListableBeanFactory.preInstantiateSingletons(DefaultListableBeanFactory.java:973) ~[spring-beans-6.1.1.jar:6.1.1]
	at org.springframework.context.support.AbstractApplicationContext.finishBeanFactoryInitialization(AbstractApplicationContext.java:946) ~[spring-context-6.1.1.jar:6.1.1]
	at org.springframework.context.support.AbstractApplicationContext.refresh(AbstractApplicationContext.java:616) ~[spring-context-6.1.1.jar:6.1.1]
	at org.springframework.boot.SpringApplication.refresh(SpringApplication.java:753) ~[spring-boot-3.2.0.jar:3.2.0]
	at org.springframework.boot.SpringApplication.refreshContext(SpringApplication.java:455) ~[spring-boot-3.2.0.jar:3.2.0]
	at org.springframework.boot.SpringApplication.run(SpringApplication.java:323) ~[spring-boot-3.2.0.jar:3.2.0]
	at org.springframework.boot.test.context.SpringBootContextLoader.lambda$loadContext$3(SpringBootContextLoader.java:137) ~[spring-boot-test-3.2.0.jar:3.2.0]
	at org.springframework.util.function.ThrowingSupplier.get(ThrowingSupplier.java:58) ~[spring-core-6.1.1.jar:6.1.1]
	at org.springframework.util.function.ThrowingSupplier.get(ThrowingSupplier.java:46) ~[spring-core-6.1.1.jar:6.1.1]
	at org.springframework.boot.SpringApplication.withHook(SpringApplication.java:1442) ~[spring-boot-3.2.0.jar:3.2.0]
	at org.springframework.boot.test.context.SpringBootContextLoader$ContextLoaderHook.run(SpringBootContextLoader.java:552) ~[spring-boot-test-3.2.0.jar:3.2.0]
	at org.springframework.boot.test.context.SpringBootContextLoader.loadContext(SpringBootContextLoader.java:137) ~[spring-boot-test-3.2.0.jar:3.2.0]
	at org.springframework.boot.test.context.SpringBootContextLoader.loadContext(SpringBootContextLoader.java:108) ~[spring-boot-test-3.2.0.jar:3.2.0]
	at org.springframework.test.context.cache.DefaultCacheAwareContextLoaderDelegate.loadContextInternal(DefaultCacheAwareContextLoaderDelegate.java:225) ~[spring-test-6.1.1.jar:6.1.1]
	at org.springframework.test.context.cache.DefaultCacheAwareContextLoaderDelegate.loadContext(DefaultCacheAwareContextLoaderDelegate.java:152) ~[spring-test-6.1.1.jar:6.1.1]
	at org.springframework.test.context.support.DefaultTestContext.getApplicationContext(DefaultTestContext.java:130) ~[spring-test-6.1.1.jar:6.1.1]
	at org.springframework.test.context.support.DependencyInjectionTestExecutionListener.injectDependencies(DependencyInjectionTestExecutionListener.java:141) ~[spring-test-6.1.1.jar:6.1.1]
	at org.springframework.test.context.support.DependencyInjectionTestExecutionListener.prepareTestInstance(DependencyInjectionTestExecutionListener.java:97) ~[spring-test-6.1.1.jar:6.1.1]
	at org.springframework.test.context.TestContextManager.prepareTestInstance(TestContextManager.java:247) ~[spring-test-6.1.1.jar:6.1.1]
	at org.springframework.test.context.junit.jupiter.SpringExtension.postProcessTestInstance(SpringExtension.java:163) ~[spring-test-6.1.1.jar:6.1.1]
	at org.junit.jupiter.engine.descriptor.ClassBasedTestDescriptor.lambda$invokeTestInstancePostProcessors$10(ClassBasedTestDescriptor.java:378) ~[junit-jupiter-engine-5.10.1.jar:5.10.1]
	at org.junit.jupiter.engine.descriptor.ClassBasedTestDescriptor.executeAndMaskThrowable(ClassBasedTestDescriptor.java:383) ~[junit-jupiter-engine-5.10.1.jar:5.10.1]
	at org.junit.jupiter.engine.descriptor.ClassBasedTestDescriptor.lambda$invokeTestInstancePostProcessors$11(ClassBasedTestDescriptor.java:378) ~[junit-jupiter-engine-5.10.1.jar:5.10.1]
	at java.base/java.util.stream.ReferencePipeline$3$1.accept(ReferencePipeline.java:197) ~[na:na]
	at java.base/java.util.stream.ReferencePipeline$2$1.accept(ReferencePipeline.java:179) ~[na:na]
	at java.base/java.util.ArrayList$ArrayListSpliterator.forEachRemaining(ArrayList.java:1625) ~[na:na]
	at java.base/java.util.stream.AbstractPipeline.copyInto(AbstractPipeline.java:509) ~[na:na]
	at java.base/java.util.stream.AbstractPipeline.wrapAndCopyInto(AbstractPipeline.java:499) ~[na:na]
	at java.base/java.util.stream.StreamSpliterators$WrappingSpliterator.forEachRemaining(StreamSpliterators.java:310) ~[na:na]
	at java.base/java.util.stream.Streams$ConcatSpliterator.forEachRemaining(Streams.java:735) ~[na:na]
	at java.base/java.util.stream.Streams$ConcatSpliterator.forEachRemaining(Streams.java:734) ~[na:na]
	at java.base/java.util.stream.ReferencePipeline$Head.forEach(ReferencePipeline.java:762) ~[na:na]
	at org.junit.jupiter.engine.descriptor.ClassBasedTestDescriptor.invokeTestInstancePostProcessors(ClassBasedTestDescriptor.java:377) ~[junit-jupiter-engine-5.10.1.jar:5.10.1]
	at org.junit.jupiter.engine.descriptor.ClassBasedTestDescriptor.lambda$instantiateAndPostProcessTestInstance$6(ClassBasedTestDescriptor.java:290) ~[junit-jupiter-engine-5.10.1.jar:5.10.1]
	at org.junit.platform.engine.support.hierarchical.ThrowableCollector.execute(ThrowableCollector.java:73) ~[junit-platform-engine-1.10.1.jar:1.10.1]
	at org.junit.jupiter.engine.descriptor.ClassBasedTestDescriptor.instantiateAndPostProcessTestInstance(ClassBasedTestDescriptor.java:289) ~[junit-jupiter-engine-5.10.1.jar:5.10.1]
	at org.junit.jupiter.engine.descriptor.ClassBasedTestDescriptor.lambda$testInstancesProvider$4(ClassBasedTestDescriptor.java:279) ~[junit-jupiter-engine-5.10.1.jar:5.10.1]
	at java.base/java.util.Optional.orElseGet(Optional.java:364) ~[na:na]
	at org.junit.jupiter.engine.descriptor.ClassBasedTestDescriptor.lambda$testInstancesProvider$5(ClassBasedTestDescriptor.java:278) ~[junit-jupiter-engine-5.10.1.jar:5.10.1]
	at org.junit.jupiter.engine.execution.TestInstancesProvider.getTestInstances(TestInstancesProvider.java:31) ~[junit-jupiter-engine-5.10.1.jar:5.10.1]
	at org.junit.jupiter.engine.descriptor.TestMethodTestDescriptor.lambda$prepare$0(TestMethodTestDescriptor.java:106) ~[junit-jupiter-engine-5.10.1.jar:5.10.1]
	at org.junit.platform.engine.support.hierarchical.ThrowableCollector.execute(ThrowableCollector.java:73) ~[junit-platform-engine-1.10.1.jar:1.10.1]
	at org.junit.jupiter.engine.descriptor.TestMethodTestDescriptor.prepare(TestMethodTestDescriptor.java:105) ~[junit-jupiter-engine-5.10.1.jar:5.10.1]
	at org.junit.jupiter.engine.descriptor.TestMethodTestDescriptor.prepare(TestMethodTestDescriptor.java:69) ~[junit-jupiter-engine-5.10.1.jar:5.10.1]
	at org.junit.platform.engine.support.hierarchical.NodeTestTask.lambda$prepare$2(NodeTestTask.java:123) ~[junit-platform-engine-1.10.1.jar:1.10.1]
	at org.junit.platform.engine.support.hierarchical.ThrowableCollector.execute(ThrowableCollector.java:73) ~[junit-platform-engine-1.10.1.jar:1.10.1]
	at org.junit.platform.engine.support.hierarchical.NodeTestTask.prepare(NodeTestTask.java:123) ~[junit-platform-engine-1.10.1.jar:1.10.1]
	at org.junit.platform.engine.support.hierarchical.NodeTestTask.execute(NodeTestTask.java:90) ~[junit-platform-engine-1.10.1.jar:1.10.1]
	at java.base/java.util.ArrayList.forEach(ArrayList.java:1511) ~[na:na]
	at org.junit.platform.engine.support.hierarchical.SameThreadHierarchicalTestExecutorService.invokeAll(SameThreadHierarchicalTestExecutorService.java:41) ~[junit-platform-engine-1.10.1.jar:1.10.1]
	at org.junit.platform.engine.support.hierarchical.NodeTestTask.lambda$executeRecursively$6(NodeTestTask.java:155) ~[junit-platform-engine-1.10.1.jar:1.10.1]
	at org.junit.platform.engine.support.hierarchical.ThrowableCollector.execute(ThrowableCollector.java:73) ~[junit-platform-engine-1.10.1.jar:1.10.1]
	at org.junit.platform.engine.support.hierarchical.NodeTestTask.lambda$executeRecursively$8(NodeTestTask.java:141) ~[junit-platform-engine-1.10.1.jar:1.10.1]
	at org.junit.platform.engine.support.hierarchical.Node.around(Node.java:137) ~[junit-platform-engine-1.10.1.jar:1.10.1]
	at org.junit.platform.engine.support.hierarchical.NodeTestTask.lambda$executeRecursively$9(NodeTestTask.java:139) ~[junit-platform-engine-1.10.1.jar:1.10.1]
	at org.junit.platform.engine.support.hierarchical.ThrowableCollector.execute(ThrowableCollector.java:73) ~[junit-platform-engine-1.10.1.jar:1.10.1]
	at org.junit.platform.engine.support.hierarchical.NodeTestTask.executeRecursively(NodeTestTask.java:138) ~[junit-platform-engine-1.10.1.jar:1.10.1]
	at org.junit.platform.engine.support.hierarchical.NodeTestTask.execute(NodeTestTask.java:95) ~[junit-platform-engine-1.10.1.jar:1.10.1]
	at java.base/java.util.ArrayList.forEach(ArrayList.java:1511) ~[na:na]
	at org.junit.platform.engine.support.hierarchical.SameThreadHierarchicalTestExecutorService.invokeAll(SameThreadHierarchicalTestExecutorService.java:41) ~[junit-platform-engine-1.10.1.jar:1.10.1]
	at org.junit.platform.engine.support.hierarchical.NodeTestTask.lambda$executeRecursively$6(NodeTestTask.java:155) ~[junit-platform-engine-1.10.1.jar:1.10.1]
	at org.junit.platform.engine.support.hierarchical.ThrowableCollector.execute(ThrowableCollector.java:73) ~[junit-platform-engine-1.10.1.jar:1.10.1]
	at org.junit.platform.engine.support.hierarchical.NodeTestTask.lambda$executeRecursively$8(NodeTestTask.java:141) ~[junit-platform-engine-1.10.1.jar:1.10.1]
	at org.junit.platform.engine.support.hierarchical.Node.around(Node.java:137) ~[junit-platform-engine-1.10.1.jar:1.10.1]
	at org.junit.platform.engine.support.hierarchical.NodeTestTask.lambda$executeRecursively$9(NodeTestTask.java:139) ~[junit-platform-engine-1.10.1.jar:1.10.1]
	at org.junit.platform.engine.support.hierarchical.ThrowableCollector.execute(ThrowableCollector.java:73) ~[junit-platform-engine-1.10.1.jar:1.10.1]
	at org.junit.platform.engine.support.hierarchical.NodeTestTask.executeRecursively(NodeTestTask.java:138) ~[junit-platform-engine-1.10.1.jar:1.10.1]
	at org.junit.platform.engine.support.hierarchical.NodeTestTask.execute(NodeTestTask.java:95) ~[junit-platform-engine-1.10.1.jar:1.10.1]
	at org.junit.platform.engine.support.hierarchical.SameThreadHierarchicalTestExecutorService.submit(SameThreadHierarchicalTestExecutorService.java:35) ~[junit-platform-engine-1.10.1.jar:1.10.1]
	at org.junit.platform.engine.support.hierarchical.HierarchicalTestExecutor.execute(HierarchicalTestExecutor.java:57) ~[junit-platform-engine-1.10.1.jar:1.10.1]
	at org.junit.platform.engine.support.hierarchical.HierarchicalTestEngine.execute(HierarchicalTestEngine.java:54) ~[junit-platform-engine-1.10.1.jar:1.10.1]
	at org.junit.platform.launcher.core.EngineExecutionOrchestrator.execute(EngineExecutionOrchestrator.java:198) ~[junit-platform-launcher-1.10.1.jar:1.10.1]
	at org.junit.platform.launcher.core.EngineExecutionOrchestrator.execute(EngineExecutionOrchestrator.java:169) ~[junit-platform-launcher-1.10.1.jar:1.10.1]
	at org.junit.platform.launcher.core.EngineExecutionOrchestrator.execute(EngineExecutionOrchestrator.java:93) ~[junit-platform-launcher-1.10.1.jar:1.10.1]
	at org.junit.platform.launcher.core.EngineExecutionOrchestrator.lambda$execute$0(EngineExecutionOrchestrator.java:58) ~[junit-platform-launcher-1.10.1.jar:1.10.1]
	at org.junit.platform.launcher.core.EngineExecutionOrchestrator.withInterceptedStreams(EngineExecutionOrchestrator.java:141) ~[junit-platform-launcher-1.10.1.jar:1.10.1]
	at org.junit.platform.launcher.core.EngineExecutionOrchestrator.execute(EngineExecutionOrchestrator.java:57) ~[junit-platform-launcher-1.10.1.jar:1.10.1]
	at org.junit.platform.launcher.core.DefaultLauncher.execute(DefaultLauncher.java:103) ~[junit-platform-launcher-1.10.1.jar:1.10.1]
	at org.junit.platform.launcher.core.DefaultLauncher.execute(DefaultLauncher.java:85) ~[junit-platform-launcher-1.10.1.jar:1.10.1]
	at org.junit.platform.launcher.core.DelegatingLauncher.execute(DelegatingLauncher.java:47) ~[junit-platform-launcher-1.10.1.jar:1.10.1]
	at org.apache.maven.surefire.junitplatform.LazyLauncher.execute(LazyLauncher.java:56) ~[surefire-junit-platform-3.1.2.jar:3.1.2]
	at org.apache.maven.surefire.junitplatform.JUnitPlatformProvider.execute(JUnitPlatformProvider.java:184) ~[surefire-junit-platform-3.1.2.jar:3.1.2]
	at org.apache.maven.surefire.junitplatform.JUnitPlatformProvider.invokeAllTests(JUnitPlatformProvider.java:148) ~[surefire-junit-platform-3.1.2.jar:3.1.2]
	at org.apache.maven.surefire.junitplatform.JUnitPlatformProvider.invoke(JUnitPlatformProvider.java:122) ~[surefire-junit-platform-3.1.2.jar:3.1.2]
	at org.apache.maven.surefire.booter.ForkedBooter.runSuitesInProcess(ForkedBooter.java:385) ~[surefire-booter-3.1.2.jar:3.1.2]
	at org.apache.maven.surefire.booter.ForkedBooter.execute(ForkedBooter.java:162) ~[surefire-booter-3.1.2.jar:3.1.2]
	at org.apache.maven.surefire.booter.ForkedBooter.run(ForkedBooter.java:507) ~[surefire-booter-3.1.2.jar:3.1.2]
	at org.apache.maven.surefire.booter.ForkedBooter.main(ForkedBooter.java:495) ~[surefire-booter-3.1.2.jar:3.1.2]
Caused by: org.springframework.beans.factory.UnsatisfiedDependencyException: Error creating bean with name 'avaliacaoService': Unsatisfied dependency expressed through field 'mercadoService': Error creating bean with name 'mercadoService': Unsatisfied dependency expressed through field 'notificacaoService': Error creating bean with name 'notificacaoService' defined in file [/workspaces/ProjetoMercadoNetflix-Docs/target/classes/com/netflix/mercado/service/NotificacaoService.class]: Could not create recurring task for @Scheduled method 'limparNotificacoesAntigas': Only no-arg methods may be annotated with @Scheduled
	at org.springframework.beans.factory.annotation.AutowiredAnnotationBeanPostProcessor$AutowiredFieldElement.resolveFieldValue(AutowiredAnnotationBeanPostProcessor.java:772) ~[spring-beans-6.1.1.jar:6.1.1]
	at org.springframework.beans.factory.annotation.AutowiredAnnotationBeanPostProcessor$AutowiredFieldElement.inject(AutowiredAnnotationBeanPostProcessor.java:752) ~[spring-beans-6.1.1.jar:6.1.1]
	at org.springframework.beans.factory.annotation.InjectionMetadata.inject(InjectionMetadata.java:145) ~[spring-beans-6.1.1.jar:6.1.1]
	at org.springframework.beans.factory.annotation.AutowiredAnnotationBeanPostProcessor.postProcessProperties(AutowiredAnnotationBeanPostProcessor.java:493) ~[spring-beans-6.1.1.jar:6.1.1]
	at org.springframework.beans.factory.support.AbstractAutowireCapableBeanFactory.populateBean(AbstractAutowireCapableBeanFactory.java:1420) ~[spring-beans-6.1.1.jar:6.1.1]
	at org.springframework.beans.factory.support.AbstractAutowireCapableBeanFactory.doCreateBean(AbstractAutowireCapableBeanFactory.java:600) ~[spring-beans-6.1.1.jar:6.1.1]
	at org.springframework.beans.factory.support.AbstractAutowireCapableBeanFactory.createBean(AbstractAutowireCapableBeanFactory.java:523) ~[spring-beans-6.1.1.jar:6.1.1]
	at org.springframework.beans.factory.support.AbstractBeanFactory.lambda$doGetBean$0(AbstractBeanFactory.java:325) ~[spring-beans-6.1.1.jar:6.1.1]
	at org.springframework.beans.factory.support.DefaultSingletonBeanRegistry.getSingleton(DefaultSingletonBeanRegistry.java:234) ~[spring-beans-6.1.1.jar:6.1.1]
	at org.springframework.beans.factory.support.AbstractBeanFactory.doGetBean(AbstractBeanFactory.java:323) ~[spring-beans-6.1.1.jar:6.1.1]
	at org.springframework.beans.factory.support.AbstractBeanFactory.getBean(AbstractBeanFactory.java:199) ~[spring-beans-6.1.1.jar:6.1.1]
	at org.springframework.beans.factory.config.DependencyDescriptor.resolveCandidate(DependencyDescriptor.java:254) ~[spring-beans-6.1.1.jar:6.1.1]
	at org.springframework.beans.factory.support.DefaultListableBeanFactory.doResolveDependency(DefaultListableBeanFactory.java:1441) ~[spring-beans-6.1.1.jar:6.1.1]
	at org.springframework.beans.factory.support.DefaultListableBeanFactory.resolveDependency(DefaultListableBeanFactory.java:1348) ~[spring-beans-6.1.1.jar:6.1.1]
	at org.springframework.beans.factory.support.ConstructorResolver.resolveAutowiredArgument(ConstructorResolver.java:911) ~[spring-beans-6.1.1.jar:6.1.1]
	at org.springframework.beans.factory.support.ConstructorResolver.createArgumentArray(ConstructorResolver.java:789) ~[spring-beans-6.1.1.jar:6.1.1]
	... 97 common frames omitted
Caused by: org.springframework.beans.factory.UnsatisfiedDependencyException: Error creating bean with name 'mercadoService': Unsatisfied dependency expressed through field 'notificacaoService': Error creating bean with name 'notificacaoService' defined in file [/workspaces/ProjetoMercadoNetflix-Docs/target/classes/com/netflix/mercado/service/NotificacaoService.class]: Could not create recurring task for @Scheduled method 'limparNotificacoesAntigas': Only no-arg methods may be annotated with @Scheduled
	at org.springframework.beans.factory.annotation.AutowiredAnnotationBeanPostProcessor$AutowiredFieldElement.resolveFieldValue(AutowiredAnnotationBeanPostProcessor.java:772) ~[spring-beans-6.1.1.jar:6.1.1]
	at org.springframework.beans.factory.annotation.AutowiredAnnotationBeanPostProcessor$AutowiredFieldElement.inject(AutowiredAnnotationBeanPostProcessor.java:752) ~[spring-beans-6.1.1.jar:6.1.1]
	at org.springframework.beans.factory.annotation.InjectionMetadata.inject(InjectionMetadata.java:145) ~[spring-beans-6.1.1.jar:6.1.1]
	at org.springframework.beans.factory.annotation.AutowiredAnnotationBeanPostProcessor.postProcessProperties(AutowiredAnnotationBeanPostProcessor.java:493) ~[spring-beans-6.1.1.jar:6.1.1]
	at org.springframework.beans.factory.support.AbstractAutowireCapableBeanFactory.populateBean(AbstractAutowireCapableBeanFactory.java:1420) ~[spring-beans-6.1.1.jar:6.1.1]
	at org.springframework.beans.factory.support.AbstractAutowireCapableBeanFactory.doCreateBean(AbstractAutowireCapableBeanFactory.java:600) ~[spring-beans-6.1.1.jar:6.1.1]
	at org.springframework.beans.factory.support.AbstractAutowireCapableBeanFactory.createBean(AbstractAutowireCapableBeanFactory.java:523) ~[spring-beans-6.1.1.jar:6.1.1]
	at org.springframework.beans.factory.support.AbstractBeanFactory.lambda$doGetBean$0(AbstractBeanFactory.java:325) ~[spring-beans-6.1.1.jar:6.1.1]
	at org.springframework.beans.factory.support.DefaultSingletonBeanRegistry.getSingleton(DefaultSingletonBeanRegistry.java:234) ~[spring-beans-6.1.1.jar:6.1.1]
	at org.springframework.beans.factory.support.AbstractBeanFactory.doGetBean(AbstractBeanFactory.java:323) ~[spring-beans-6.1.1.jar:6.1.1]
	at org.springframework.beans.factory.support.AbstractBeanFactory.getBean(AbstractBeanFactory.java:199) ~[spring-beans-6.1.1.jar:6.1.1]
	at org.springframework.beans.factory.config.DependencyDescriptor.resolveCandidate(DependencyDescriptor.java:254) ~[spring-beans-6.1.1.jar:6.1.1]
	at org.springframework.beans.factory.support.DefaultListableBeanFactory.doResolveDependency(DefaultListableBeanFactory.java:1441) ~[spring-beans-6.1.1.jar:6.1.1]
	at org.springframework.beans.factory.support.DefaultListableBeanFactory.resolveDependency(DefaultListableBeanFactory.java:1348) ~[spring-beans-6.1.1.jar:6.1.1]
	at org.springframework.beans.factory.annotation.AutowiredAnnotationBeanPostProcessor$AutowiredFieldElement.resolveFieldValue(AutowiredAnnotationBeanPostProcessor.java:769) ~[spring-beans-6.1.1.jar:6.1.1]
	... 112 common frames omitted
Caused by: org.springframework.beans.factory.BeanCreationException: Error creating bean with name 'notificacaoService' defined in file [/workspaces/ProjetoMercadoNetflix-Docs/target/classes/com/netflix/mercado/service/NotificacaoService.class]: Could not create recurring task for @Scheduled method 'limparNotificacoesAntigas': Only no-arg methods may be annotated with @Scheduled
	at org.springframework.beans.factory.support.AbstractAutowireCapableBeanFactory.doCreateBean(AbstractAutowireCapableBeanFactory.java:608) ~[spring-beans-6.1.1.jar:6.1.1]
	at org.springframework.beans.factory.support.AbstractAutowireCapableBeanFactory.createBean(AbstractAutowireCapableBeanFactory.java:523) ~[spring-beans-6.1.1.jar:6.1.1]
	at org.springframework.beans.factory.support.AbstractBeanFactory.lambda$doGetBean$0(AbstractBeanFactory.java:325) ~[spring-beans-6.1.1.jar:6.1.1]
	at org.springframework.beans.factory.support.DefaultSingletonBeanRegistry.getSingleton(DefaultSingletonBeanRegistry.java:234) ~[spring-beans-6.1.1.jar:6.1.1]
	at org.springframework.beans.factory.support.AbstractBeanFactory.doGetBean(AbstractBeanFactory.java:323) ~[spring-beans-6.1.1.jar:6.1.1]
	at org.springframework.beans.factory.support.AbstractBeanFactory.getBean(AbstractBeanFactory.java:199) ~[spring-beans-6.1.1.jar:6.1.1]
	at org.springframework.beans.factory.config.DependencyDescriptor.resolveCandidate(DependencyDescriptor.java:254) ~[spring-beans-6.1.1.jar:6.1.1]
	at org.springframework.beans.factory.support.DefaultListableBeanFactory.doResolveDependency(DefaultListableBeanFactory.java:1441) ~[spring-beans-6.1.1.jar:6.1.1]
	at org.springframework.beans.factory.support.DefaultListableBeanFactory.resolveDependency(DefaultListableBeanFactory.java:1348) ~[spring-beans-6.1.1.jar:6.1.1]
	at org.springframework.beans.factory.annotation.AutowiredAnnotationBeanPostProcessor$AutowiredFieldElement.resolveFieldValue(AutowiredAnnotationBeanPostProcessor.java:769) ~[spring-beans-6.1.1.jar:6.1.1]
	... 126 common frames omitted
Caused by: java.lang.IllegalStateException: Could not create recurring task for @Scheduled method 'limparNotificacoesAntigas': Only no-arg methods may be annotated with @Scheduled
	at org.springframework.scheduling.annotation.ScheduledAnnotationBeanPostProcessor.processScheduledSync(ScheduledAnnotationBeanPostProcessor.java:351) ~[spring-context-6.1.1.jar:6.1.1]
	at org.springframework.scheduling.annotation.ScheduledAnnotationBeanPostProcessor.processScheduled(ScheduledAnnotationBeanPostProcessor.java:332) ~[spring-context-6.1.1.jar:6.1.1]
	at org.springframework.scheduling.annotation.ScheduledAnnotationBeanPostProcessor.lambda$postProcessAfterInitialization$1(ScheduledAnnotationBeanPostProcessor.java:304) ~[spring-context-6.1.1.jar:6.1.1]
	at java.base/java.lang.Iterable.forEach(Iterable.java:75) ~[na:na]
	at org.springframework.scheduling.annotation.ScheduledAnnotationBeanPostProcessor.lambda$postProcessAfterInitialization$2(ScheduledAnnotationBeanPostProcessor.java:304) ~[spring-context-6.1.1.jar:6.1.1]
	at java.base/java.util.LinkedHashMap.forEach(LinkedHashMap.java:721) ~[na:na]
[...]
rg.springframework.boot.autoconfigure.cache.CacheAutoConfiguration, org.springframework.boot.autoconfigure.orm.jpa.HibernateJpaAutoConfiguration, org.springframework.boot.autoconfigure.sql.init.SqlInitializationAutoConfiguration, org.springframework.boot.test.autoconfigure.jdbc.TestDatabaseAutoConfiguration, org.springframework.boot.autoconfigure.flyway.FlywayAutoConfiguration, org.springframework.boot.autoconfigure.jdbc.DataSourceTransactionManagerAutoConfiguration, org.springframework.boot.autoconfigure.liquibase.LiquibaseAutoConfiguration, org.springframework.boot.autoconfigure.jdbc.JdbcClientAutoConfiguration, org.springframework.boot.autoconfigure.jdbc.DataSourceAutoConfiguration, org.springframework.boot.autoconfigure.jdbc.JdbcTemplateAutoConfiguration]], org.springframework.boot.test.context.filter.ExcludeFilterContextCustomizer@20171cdc, org.springframework.boot.test.json.DuplicateJsonObjectContextCustomizerFactory$DuplicateJsonObjectContextCustomizer@2a0c244e, org.springframework.boot.test.mock.mockito.MockitoContextCustomizer@0, org.springframework.boot.test.autoconfigure.OverrideAutoConfigurationContextCustomizerFactory$DisableAutoConfigurationContextCustomizer@1d87e100, org.springframework.boot.test.autoconfigure.actuate.observability.ObservabilityContextCustomizerFactory$DisableObservabilityContextCustomizer@1f, org.springframework.boot.test.autoconfigure.filter.TypeExcludeFiltersContextCustomizer@34be3d80, org.springframework.boot.test.autoconfigure.properties.PropertyMappingContextCustomizer@73ad5475, org.springframework.boot.test.autoconfigure.web.servlet.WebDriverContextCustomizer@3c116f26, org.springframework.boot.test.context.SpringBootTestAnnotation@2f8a7c17], contextLoader = org.springframework.boot.test.context.SpringBootContextLoader, parent = null]" type="java.lang.IllegalStateException"><![CDATA[java.lang.IllegalStateException: ApplicationContext failure threshold (1) exceeded: skipping repeated attempt to load context for [MergedContextConfiguration@995bc09 testClass = com.netflix.mercado.repository.RoleRepositoryTest, locations = [], classes = [com.netflix.mercado.ProjetoMercadoNetflixApplication], contextInitializerClasses = [], activeProfiles = ["test"], propertySourceDescriptors = [], propertySourceProperties = ["org.springframework.boot.test.autoconfigure.orm.jpa.DataJpaTestContextBootstrapper=true"], contextCustomizers = [[ImportsContextCustomizer@345db32b key = [org.springframework.boot.autoconfigure.transaction.TransactionAutoConfiguration, org.springframework.boot.autoconfigure.data.jpa.JpaRepositoriesAutoConfiguration, org.springframework.boot.test.autoconfigure.orm.jpa.TestEntityManagerAutoConfiguration, org.springframework.boot.autoconfigure.cache.CacheAutoConfiguration, org.springframework.boot.autoconfigure.orm.jpa.HibernateJpaAutoConfiguration, org.springframework.boot.autoconfigure.sql.init.SqlInitializationAutoConfiguration, org.springframework.boot.test.autoconfigure.jdbc.TestDatabaseAutoConfiguration, org.springframework.boot.autoconfigure.flyway.FlywayAutoConfiguration, org.springframework.boot.autoconfigure.jdbc.DataSourceTransactionManagerAutoConfiguration, org.springframework.boot.autoconfigure.liquibase.LiquibaseAutoConfiguration, org.springframework.boot.autoconfigure.jdbc.JdbcClientAutoConfiguration, org.springframework.boot.autoconfigure.jdbc.DataSourceAutoConfiguration, org.springframework.boot.autoconfigure.jdbc.JdbcTemplateAutoConfiguration]], org.springframework.boot.test.context.filter.ExcludeFilterContextCustomizer@20171cdc, org.springframework.boot.test.json.DuplicateJsonObjectContextCustomizerFactory$DuplicateJsonObjectContextCustomizer@2a0c244e, org.springframework.boot.test.mock.mockito.MockitoContextCustomizer@0, org.springframework.boot.test.autoconfigure.OverrideAutoConfigurationContextCustomizerFactory$DisableAutoConfigurationContextCustomizer@1d87e100, org.springframework.boot.test.autoconfigure.actuate.observability.ObservabilityContextCustomizerFactory$DisableObservabilityContextCustomizer@1f, org.springframework.boot.test.autoconfigure.filter.TypeExcludeFiltersContextCustomizer@34be3d80, org.springframework.boot.test.autoconfigure.properties.PropertyMappingContextCustomizer@73ad5475, org.springframework.boot.test.autoconfigure.web.servlet.WebDriverContextCustomizer@3c116f26, org.springframework.boot.test.context.SpringBootTestAnnotation@2f8a7c17], contextLoader = org.springframework.boot.test.context.SpringBootContextLoader, parent = null]
	at org.springframework.test.context.cache.DefaultCacheAwareContextLoaderDelegate.loadContext(DefaultCacheAwareContextLoaderDelegate.java:145)
	at org.springframework.test.context.support.DefaultTestContext.getApplicationContext(DefaultTestContext.java:130)
	at org.springframework.test.context.support.DependencyInjectionTestExecutionListener.injectDependencies(DependencyInjectionTestExecutionListener.java:141)
	at org.springframework.test.context.support.DependencyInjectionTestExecutionListener.prepareTestInstance(DependencyInjectionTestExecutionListener.java:97)
	at org.springframework.test.context.TestContextManager.prepareTestInstance(TestContextManager.java:247)
	at org.springframework.test.context.junit.jupiter.SpringExtension.postProcessTestInstance(SpringExtension.java:163)
	at java.base/java.util.stream.ReferencePipeline$3$1.accept(ReferencePipeline.java:197)
	at java.base/java.util.stream.ReferencePipeline$2$1.accept(ReferencePipeline.java:179)
	at java.base/java.util.ArrayList$ArrayListSpliterator.forEachRemaining(ArrayList.java:1625)
	at java.base/java.util.stream.AbstractPipeline.copyInto(AbstractPipeline.java:509)
	at java.base/java.util.stream.AbstractPipeline.wrapAndCopyInto(AbstractPipeline.java:499)
	at java.base/java.util.stream.StreamSpliterators$WrappingSpliterator.forEachRemaining(StreamSpliterators.java:310)
	at java.base/java.util.stream.Streams$ConcatSpliterator.forEachRemaining(Streams.java:735)
	at java.base/java.util.stream.Streams$ConcatSpliterator.forEachRemaining(Streams.java:734)
	at java.base/java.util.stream.ReferencePipeline$Head.forEach(ReferencePipeline.java:762)
	at java.base/java.util.Optional.orElseGet(Optional.java:364)
	at java.base/java.util.ArrayList.forEach(ArrayList.java:1511)
	at java.base/java.util.ArrayList.forEach(ArrayList.java:1511)
]]></error>
    <system-out><![CDATA[00:25:29.655 [main] ERROR o.s.test.context.TestContextManager - Caught exception while allowing TestExecutionListener [org.springframework.test.context.support.DependencyInjectionTestExecutionListener] to prepare test instance [com.netflix.mercado.repository.RoleRepositoryTest@37c81a7e]
java.lang.IllegalStateException: ApplicationContext failure threshold (1) exceeded: skipping repeated attempt to load context for [MergedContextConfiguration@995bc09 testClass = com.netflix.mercado.repository.RoleRepositoryTest, locations = [], classes = [com.netflix.mercado.ProjetoMercadoNetflixApplication], contextInitializerClasses = [], activeProfiles = ["test"], propertySourceDescriptors = [], propertySourceProperties = ["org.springframework.boot.test.autoconfigure.orm.jpa.DataJpaTestContextBootstrapper=true"], contextCustomizers = [[ImportsContextCustomizer@345db32b key = [org.springframework.boot.autoconfigure.transaction.TransactionAutoConfiguration, org.springframework.boot.autoconfigure.data.jpa.JpaRepositoriesAutoConfiguration, org.springframework.boot.test.autoconfigure.orm.jpa.TestEntityManagerAutoConfiguration, org.springframework.boot.autoconfigure.cache.CacheAutoConfiguration, org.springframework.boot.autoconfigure.orm.jpa.HibernateJpaAutoConfiguration, org.springframework.boot.autoconfigure.sql.init.SqlInitializationAutoConfiguration, org.springframework.boot.test.autoconfigure.jdbc.TestDatabaseAutoConfiguration, org.springframework.boot.autoconfigure.flyway.FlywayAutoConfiguration, org.springframework.boot.autoconfigure.jdbc.DataSourceTransactionManagerAutoConfiguration, org.springframework.boot.autoconfigure.liquibase.LiquibaseAutoConfiguration, org.springframework.boot.autoconfigure.jdbc.JdbcClientAutoConfiguration, org.springframework.boot.autoconfigure.jdbc.DataSourceAutoConfiguration, org.springframework.boot.autoconfigure.jdbc.JdbcTemplateAutoConfiguration]], org.springframework.boot.test.context.filter.ExcludeFilterContextCustomizer@20171cdc, org.springframework.boot.test.json.DuplicateJsonObjectContextCustomizerFactory$DuplicateJsonObjectContextCustomizer@2a0c244e, org.springframework.boot.test.mock.mockito.MockitoContextCustomizer@0, org.springframework.boot.test.autoconfigure.OverrideAutoConfigurationContextCustomizerFactory$DisableAutoConfigurationContextCustomizer@1d87e100, org.springframework.boot.test.autoconfigure.actuate.observability.ObservabilityContextCustomizerFactory$DisableObservabilityContextCustomizer@1f, org.springframework.boot.test.autoconfigure.filter.TypeExcludeFiltersContextCustomizer@34be3d80, org.springframework.boot.test.autoconfigure.properties.PropertyMappingContextCustomizer@73ad5475, org.springframework.boot.test.autoconfigure.web.servlet.WebDriverContextCustomizer@3c116f26, org.springframework.boot.test.context.SpringBootTestAnnotation@2f8a7c17], contextLoader = org.springframework.boot.test.context.SpringBootContextLoader, parent = null]
	at org.springframework.test.context.cache.DefaultCacheAwareContextLoaderDelegate.loadContext(DefaultCacheAwareContextLoaderDelegate.java:145) ~[spring-test-6.1.1.jar:6.1.1]
	at org.springframework.test.context.support.DefaultTestContext.getApplicationContext(DefaultTestContext.java:130) ~[spring-test-6.1.1.jar:6.1.1]
	at org.springframework.test.context.support.DependencyInjectionTestExecutionListener.injectDependencies(DependencyInjectionTestExecutionListener.java:141) ~[spring-test-6.1.1.jar:6.1.1]
	at org.springframework.test.context.support.DependencyInjectionTestExecutionListener.prepareTestInstance(DependencyInjectionTestExecutionListener.java:97) ~[spring-test-6.1.1.jar:6.1.1]
	at org.springframework.test.context.TestContextManager.prepareTestInstance(TestContextManager.java:247) ~[spring-test-6.1.1.jar:6.1.1]
	at org.springframework.test.context.junit.jupiter.SpringExtension.postProcessTestInstance(SpringExtension.java:163) ~[spring-test-6.1.1.jar:6.1.1]
	at org.junit.jupiter.engine.descriptor.ClassBasedTestDescriptor.lambda$invokeTestInstancePostProcessors$10(ClassBasedTestDescriptor.java:378) ~[junit-jupiter-engine-5.10.1.jar:5.10.1]
	at org.junit.jupiter.engine.descriptor.ClassBasedTestDescriptor.executeAndMaskThrowable(ClassBasedTestDescriptor.java:383) ~[junit-jupiter-engine-5.10.1.jar:5.10.1]
	at org.junit.jupiter.engine.descriptor.ClassBasedTestDescriptor.lambda$invokeTestInstancePostProcessors$11(ClassBasedTestDescriptor.java:378) ~[junit-jupiter-engine-5.10.1.jar:5.10.1]
	at java.base/java.util.stream.ReferencePipeline$3$1.accept(ReferencePipeline.java:197) ~[na:na]
	at java.base/java.util.stream.ReferencePipeline$2$1.accept(ReferencePipeline.java:179) ~[na:na]
	at java.base/java.util.ArrayList$ArrayListSpliterator.forEachRemaining(ArrayList.java:1625) ~[na:na]
	at java.base/java.util.stream.AbstractPipeline.copyInto(AbstractPipeline.java:509) ~[na:na]
	at java.base/java.util.stream.AbstractPipeline.wrapAndCopyInto(AbstractPipeline.java:499) ~[na:na]
	at java.base/java.util.stream.StreamSpliterators$WrappingSpliterator.forEachRemaining(StreamSpliterators.java:310) ~[na:na]
	at java.base/java.util.stream.Streams$ConcatSpliterator.forEachRemaining(Streams.java:735) ~[na:na]
	at java.base/java.util.stream.Streams$ConcatSpliterator.forEachRemaining(Streams.java:734) ~[na:na]
	at java.base/java.util.stream.ReferencePipeline$Head.forEach(ReferencePipeline.java:762) ~[na:na]
	at org.junit.jupiter.engine.descriptor.ClassBasedTestDescriptor.invokeTestInstancePostProcessors(ClassBasedTestDescriptor.java:377) ~[junit-jupiter-engine-5.10.1.jar:5.10.1]
	at org.junit.jupiter.engine.descriptor.ClassBasedTestDescriptor.lambda$instantiateAndPostProcessTestInstance$6(ClassBasedTestDescriptor.java:290) ~[junit-jupiter-engine-5.10.1.jar:5.10.1]
	at org.junit.platform.engine.support.hierarchical.ThrowableCollector.execute(ThrowableCollector.java:73) ~[junit-platform-engine-1.10.1.jar:1.10.1]
	at org.junit.jupiter.engine.descriptor.ClassBasedTestDescriptor.instantiateAndPostProcessTestInstance(ClassBasedTestDescriptor.java:289) ~[junit-jupiter-engine-5.10.1.jar:5.10.1]
	at org.junit.jupiter.engine.descriptor.ClassBasedTestDescriptor.lambda$testInstancesProvider$4(ClassBasedTestDescriptor.java:279) ~[junit-jupiter-engine-5.10.1.jar:5.10.1]
	at java.base/java.util.Optional.orElseGet(Optional.java:364) ~[na:na]
	at org.junit.jupiter.engine.descriptor.ClassBasedTestDescriptor.lambda$testInstancesProvider$5(ClassBasedTestDescriptor.java:278) ~[junit-jupiter-engine-5.10.1.jar:5.10.1]
	at org.junit.jupiter.engine.execution.TestInstancesProvider.getTestInstances(TestInstancesProvider.java:31) ~[junit-jupiter-engine-5.10.1.jar:5.10.1]
	at org.junit.jupiter.engine.descriptor.TestMethodTestDescriptor.lambda$prepare$0(TestMethodTestDescriptor.java:106) ~[junit-jupiter-engine-5.10.1.jar:5.10.1]
	at org.junit.platform.engine.support.hierarchical.ThrowableCollector.execute(ThrowableCollector.java:73) ~[junit-platform-engine-1.10.1.jar:1.10.1]
	at org.junit.jupiter.engine.descriptor.TestMethodTestDescriptor.prepare(TestMethodTestDescriptor.java:105) ~[junit-jupiter-engine-5.10.1.jar:5.10.1]
	at org.junit.jupiter.engine.descriptor.TestMethodTestDescriptor.prepare(TestMethodTestDescriptor.java:69) ~[junit-jupiter-engine-5.10.1.jar:5.10.1]
	at org.junit.platform.engine.support.hierarchical.NodeTestTask.lambda$prepare$2(NodeTestTask.java:123) ~[junit-platform-engine-1.10.1.jar:1.10.1]
	at org.junit.platform.engine.support.hierarchical.ThrowableCollector.execute(ThrowableCollector.java:73) ~[junit-platform-engine-1.10.1.jar:1.10.1]
	at org.junit.platform.engine.support.hierarchical.NodeTestTask.prepare(NodeTestTask.java:123) ~[junit-platform-engine-1.10.1.jar:1.10.1]
	at org.junit.platform.engine.support.hierarchical.NodeTestTask.execute(NodeTestTask.java:90) ~[junit-platform-engine-1.10.1.jar:1.10.1]
	at java.base/java.util.ArrayList.forEach(ArrayList.java:1511) ~[na:na]
	at org.junit.platform.engine.support.hierarchical.SameThreadHierarchicalTestExecutorService.invokeAll(SameThreadHierarchicalTestExecutorService.java:41) ~[junit-platform-engine-1.10.1.jar:1.10.1]
	at org.junit.platform.engine.support.hierarchical.NodeTestTask.lambda$executeRecursively$6(NodeTestTask.java:155) ~[junit-platform-engine-1.10.1.jar:1.10.1]
	at org.junit.platform.engine.support.hierarchical.ThrowableCollector.execute(ThrowableCollector.java:73) ~[junit-platform-engine-1.10.1.jar:1.10.1]
	at org.junit.platform.engine.support.hierarchical.NodeTestTask.lambda$executeRecursively$8(NodeTestTask.java:141) ~[junit-platform-engine-1.10.1.jar:1.10.1]
	at org.junit.platform.engine.support.hierarchical.Node.around(Node.java:137) ~[junit-platform-engine-1.10.1.jar:1.10.1]
	at org.junit.platform.engine.support.hierarchical.NodeTestTask.lambda$executeRecursively$9(NodeTestTask.java:139) ~[junit-platform-engine-1.10.1.jar:1.10.1]
	at org.junit.platform.engine.support.hierarchical.ThrowableCollector.execute(ThrowableCollector.java:73) ~[junit-platform-engine-1.10.1.jar:1.10.1]
	at org.junit.platform.engine.support.hierarchical.NodeTestTask.executeRecursively(NodeTestTask.java:138) ~[junit-platform-engine-1.10.1.jar:1.10.1]
	at org.junit.platform.engine.support.hierarchical.NodeTestTask.execute(NodeTestTask.java:95) ~[junit-platform-engine-1.10.1.jar:1.10.1]
	at java.base/java.util.ArrayList.forEach(ArrayList.java:1511) ~[na:na]
	at org.junit.platform.engine.support.hierarchical.SameThreadHierarchicalTestExecutorService.invokeAll(SameThreadHierarchicalTestExecutorService.java:41) ~[junit-platform-engine-1.10.1.jar:1.10.1]
	at org.junit.platform.engine.support.hierarchical.NodeTestTask.lambda$executeRecursively$6(NodeTestTask.java:155) ~[junit-platform-engine-1.10.1.jar:1.10.1]
	at org.junit.platform.engine.support.hierarchical.ThrowableCollector.execute(ThrowableCollector.java:73) ~[junit-platform-engine-1.10.1.jar:1.10.1]
	at org.junit.platform.engine.support.hierarchical.NodeTestTask.lambda$executeRecursively$8(NodeTestTask.java:141) ~[junit-platform-engine-1.10.1.jar:1.10.1]
	at org.junit.platform.engine.support.hierarchical.Node.around(Node.java:137) ~[junit-platform-engine-1.10.1.jar:1.10.1]
	at org.junit.platform.engine.support.hierarchical.NodeTestTask.lambda$executeRecursively$9(NodeTestTask.java:139) ~[junit-platform-engine-1.10.1.jar:1.10.1]
	at org.junit.platform.engine.support.hierarchical.ThrowableCollector.execute(ThrowableCollector.java:73) ~[junit-platform-engine-1.10.1.jar:1.10.1]
	at org.junit.platform.engine.support.hierarchical.NodeTestTask.executeRecursively(NodeTestTask.java:138) ~[junit-platform-engine-1.10.1.jar:1.10.1]
	at org.junit.platform.engine.support.hierarchical.NodeTestTask.execute(NodeTestTask.java:95) ~[junit-platform-engine-1.10.1.jar:1.10.1]
	at org.junit.platform.engine.support.hierarchical.SameThreadHierarchicalTestExecutorService.submit(SameThreadHierarchicalTestExecutorService.java:35) ~[junit-platform-engine-1.10.1.jar:1.10.1]
	at org.junit.platform.engine.support.hierarchical.HierarchicalTestExecutor.execute(HierarchicalTestExecutor.java:57) ~[junit-platform-engine-1.10.1.jar:1.10.1]
	at org.junit.platform.engine.support.hierarchical.HierarchicalTestEngine.execute(HierarchicalTestEngine.java:54) ~[junit-platform-engine-1.10.1.jar:1.10.1]
	at org.junit.platform.launcher.core.EngineExecutionOrchestrator.execute(EngineExecutionOrchestrator.java:198) ~[junit-platform-launcher-1.10.1.jar:1.10.1]
	at org.junit.platform.launcher.core.EngineExecutionOrchestrator.execute(EngineExecutionOrchestrator.java:169) ~[junit-platform-launcher-1.10.1.jar:1.10.1]
	at org.junit.platform.launcher.core.EngineExecutionOrchestrator.execute(EngineExecutionOrchestrator.java:93) ~[junit-platform-launcher-1.10.1.jar:1.10.1]
	at org.junit.platform.launcher.core.EngineExecutionOrchestrator.lambda$execute$0(EngineExecutionOrchestrator.java:58) ~[junit-platform-launcher-1.10.1.jar:1.10.1]
	at org.junit.platform.launcher.core.EngineExecutionOrchestrator.withInterceptedStreams(EngineExecutionOrchestrator.java:141) ~[junit-platform-launcher-1.10.1.jar:1.10.1]
	at org.junit.platform.launcher.core.EngineExecutionOrchestrator.execute(EngineExecutionOrchestrator.java:57) ~[junit-platform-launcher-1.10.1.jar:1.10.1]
	at org.junit.platform.launcher.core.DefaultLauncher.execute(DefaultLauncher.java:103) ~[junit-platform-launcher-1.10.1.jar:1.10.1]
	at org.junit.platform.launcher.core.DefaultLauncher.execute(DefaultLauncher.java:85) ~[junit-platform-launcher-1.10.1.jar:1.10.1]
	at org.junit.platform.launcher.core.DelegatingLauncher.execute(DelegatingLauncher.java:47) ~[junit-platform-launcher-1.10.1.jar:1.10.1]
	at org.apache.maven.surefire.junitplatform.LazyLauncher.execute(LazyLauncher.java:56) ~[surefire-junit-platform-3.1.2.jar:3.1.2]
	at org.apache.maven.surefire.junitplatform.JUnitPlatformProvider.execute(JUnitPlatformProvider.java:184) ~[surefire-junit-platform-3.1.2.jar:3.1.2]
	at org.apache.maven.surefire.junitplatform.JUnitPlatformProvider.invokeAllTests(JUnitPlatformProvider.java:148) ~[surefire-junit-platform-3.1.2.jar:3.1.2]
	at org.apache.maven.surefire.junitplatform.JUnitPlatformProvider.invoke(JUnitPlatformProvider.java:122) ~[surefire-junit-platform-3.1.2.jar:3.1.2]
	at org.apache.maven.surefire.booter.ForkedBooter.runSuitesInProcess(ForkedBooter.java:385) ~[surefire-booter-3.1.2.jar:3.1.2]
	at org.apache.maven.surefire.booter.ForkedBooter.execute(ForkedBooter.java:162) ~[surefire-booter-3.1.2.jar:3.1.2]
	at org.apache.maven.surefire.booter.ForkedBooter.run(ForkedBooter.java:507) ~[surefire-booter-3.1.2.jar:3.1.2]
	at org.apache.maven.surefire.booter.ForkedBooter.main(ForkedBooter.java:495) ~[surefire-booter-3.1.2.jar:3.1.2]
]]></system-out>
  </testcase>
</testsuite>